Using pre-set license
Built from '2022.3/staging' branch; Version is '2022.3.9f1 (ea401c316338) revision 15351836'; Using compiler version '192829333'; Build Type 'Release'
OS: 'Windows 10  (10.0.19045) 64bit Professional' Language: 'es' Physical Memory: 8121 MB
BatchMode: 1, IsHumanControllingUs: 0, StartBugReporterOnCrash: 0, Is64bit: 1, IsPro: 1

COMMAND LINE ARGUMENTS:
C:\Program Files\Unity\Hub\Editor\2022.3.9f1\Editor\Unity.exe
-adb2
-batchMode
-noUpm
-name
AssetImportWorker0
-projectPath
C:/Users/3D Tarde/patthfindjordanadu/HeavenDefense-Main/heavendefense
-logFile
Logs/AssetImportWorker0.log
-srvPort
57073
Successfully changed project path to: C:/Users/3D Tarde/patthfindjordanadu/HeavenDefense-Main/heavendefense
C:/Users/3D Tarde/patthfindjordanadu/HeavenDefense-Main/heavendefense
[UnityMemory] Configuration Parameters - Can be set up in boot.config
    "memorysetup-bucket-allocator-granularity=16"
    "memorysetup-bucket-allocator-bucket-count=8"
    "memorysetup-bucket-allocator-block-size=33554432"
    "memorysetup-bucket-allocator-block-count=8"
    "memorysetup-main-allocator-block-size=16777216"
    "memorysetup-thread-allocator-block-size=16777216"
    "memorysetup-gfx-main-allocator-block-size=16777216"
    "memorysetup-gfx-thread-allocator-block-size=16777216"
    "memorysetup-cache-allocator-block-size=4194304"
    "memorysetup-typetree-allocator-block-size=2097152"
    "memorysetup-profiler-bucket-allocator-granularity=16"
    "memorysetup-profiler-bucket-allocator-bucket-count=8"
    "memorysetup-profiler-bucket-allocator-block-size=33554432"
    "memorysetup-profiler-bucket-allocator-block-count=8"
    "memorysetup-profiler-allocator-block-size=16777216"
    "memorysetup-profiler-editor-allocator-block-size=1048576"
    "memorysetup-temp-allocator-size-main=16777216"
    "memorysetup-job-temp-allocator-block-size=2097152"
    "memorysetup-job-temp-allocator-block-size-background=1048576"
    "memorysetup-job-temp-allocator-reduction-small-platforms=262144"
    "memorysetup-allocator-temp-initial-block-size-main=262144"
    "memorysetup-allocator-temp-initial-block-size-worker=262144"
    "memorysetup-temp-allocator-size-background-worker=32768"
    "memorysetup-temp-allocator-size-job-worker=262144"
    "memorysetup-temp-allocator-size-preload-manager=33554432"
    "memorysetup-temp-allocator-size-nav-mesh-worker=65536"
    "memorysetup-temp-allocator-size-audio-worker=65536"
    "memorysetup-temp-allocator-size-cloud-worker=32768"
    "memorysetup-temp-allocator-size-gi-baking-worker=262144"
    "memorysetup-temp-allocator-size-gfx=262144"
Player connection [5960] Host "[IP] 172.16.137.97 [Port] 0 [Flags] 2 [Guid] 1090310887 [EditorId] 1090310887 [Version] 1048832 [Id] WindowsEditor(7,DESKTOP-J31V2MS) [Debug] 1 [PackageName] WindowsEditor [ProjectName] Editor" joined multi-casting on [225.0.0.222:54997]...

Player connection [5960] Host "[IP] 172.16.137.97 [Port] 0 [Flags] 2 [Guid] 1090310887 [EditorId] 1090310887 [Version] 1048832 [Id] WindowsEditor(7,DESKTOP-J31V2MS) [Debug] 1 [PackageName] WindowsEditor [ProjectName] Editor" joined alternative multi-casting on [225.0.0.222:34997]...

[Physics::Module] Initialized MultithreadedJobDispatcher with 11 workers.
Refreshing native plugins compatible for Editor in 6.81 ms, found 3 plugins.
Preloading 0 native plugins for Editor in 0.00 ms.
Initialize engine version: 2022.3.9f1 (ea401c316338)
[Subsystems] Discovering subsystems at path C:/Program Files/Unity/Hub/Editor/2022.3.9f1/Editor/Data/Resources/UnitySubsystems
[Subsystems] Discovering subsystems at path C:/Users/3D Tarde/patthfindjordanadu/HeavenDefense-Main/heavendefense/Assets
GfxDevice: creating device client; threaded=0; jobified=0
Direct3D:
    Version:  Direct3D 11.0 [level 11.1]
    Renderer: NVIDIA GeForce GTX 1650 (ID=0x1f82)
    Vendor:   NVIDIA
    VRAM:     3949 MB
    Driver:   31.0.15.3623
Initialize mono
Mono path[0] = 'C:/Program Files/Unity/Hub/Editor/2022.3.9f1/Editor/Data/Managed'
Mono path[1] = 'C:/Program Files/Unity/Hub/Editor/2022.3.9f1/Editor/Data/MonoBleedingEdge/lib/mono/unityjit-win32'
Mono config path = 'C:/Program Files/Unity/Hub/Editor/2022.3.9f1/Editor/Data/MonoBleedingEdge/etc'
Using monoOptions --debugger-agent=transport=dt_socket,embedding=1,server=y,suspend=n,address=127.0.0.1:56504
Begin MonoManager ReloadAssembly
Registering precompiled unity dll's ...
Register platform support module: C:/Program Files/Unity/Hub/Editor/2022.3.9f1/Editor/Data/PlaybackEngines/WebGLSupport/UnityEditor.WebGL.Extensions.dll
Register platform support module: C:/Program Files/Unity/Hub/Editor/2022.3.9f1/Editor/Data/PlaybackEngines/WindowsStandaloneSupport/UnityEditor.WindowsStandalone.Extensions.dll
Registered in 0.009289 seconds.
- Loaded All Assemblies, in  0.372 seconds
Native extension for WindowsStandalone target not found
Native extension for WebGL target not found
Mono: successfully reloaded assembly
- Finished resetting the current domain, in  0.256 seconds
Domain Reload Profiling: 627ms
	BeginReloadAssembly (112ms)
		ExecutionOrderSort (0ms)
		DisableScriptedObjects (0ms)
		BackupInstance (0ms)
		ReleaseScriptingObjects (0ms)
		CreateAndSetChildDomain (1ms)
	RebuildCommonClasses (35ms)
	RebuildNativeTypeToScriptingClass (12ms)
	initialDomainReloadingComplete (63ms)
	LoadAllAssembliesAndSetupDomain (148ms)
		LoadAssemblies (110ms)
		RebuildTransferFunctionScriptingTraits (0ms)
		AnalyzeDomain (145ms)
			TypeCache.Refresh (144ms)
				TypeCache.ScanAssembly (129ms)
			ScanForSourceGeneratedMonoScriptInfo (0ms)
			ResolveRequiredComponents (0ms)
	FinalizeReload (256ms)
		ReleaseScriptCaches (0ms)
		RebuildScriptCaches (0ms)
		SetupLoadedEditorAssemblies (198ms)
			LogAssemblyErrors (0ms)
			InitializePlatformSupportModulesInManaged (10ms)
			SetLoadedEditorAssemblies (5ms)
			RefreshPlugins (0ms)
			BeforeProcessingInitializeOnLoad (2ms)
			ProcessInitializeOnLoadAttributes (134ms)
			ProcessInitializeOnLoadMethodAttributes (46ms)
			AfterProcessingInitializeOnLoad (0ms)
			EditorAssembliesLoaded (0ms)
		ExecutionOrderSort2 (0ms)
		AwakeInstancesAfterBackupRestoration (0ms)
========================================================================
Worker process is ready to serve import requests
Begin MonoManager ReloadAssembly
Symbol file data-000002467B39B040 doesn't match image C:\Users\3D Tarde\patthfindjordanadu\HeavenDefense-Main\heavendefense\Library\ScriptAssemblies\Unity.EditorCoroutines.Editor.dll
Symbol file LoadedFromMemory is not a mono symbol file
Symbol file data-000002467C917020 doesn't match image C:\Users\3D Tarde\patthfindjordanadu\HeavenDefense-Main\heavendefense\Library\ScriptAssemblies\Unity.PlasticSCM.Editor.dll
Symbol file LoadedFromMemory is not a mono symbol file
Symbol file data-000002467C917020 doesn't match image C:\Users\3D Tarde\patthfindjordanadu\HeavenDefense-Main\heavendefense\Library\ScriptAssemblies\Unity.Timeline.Editor.dll
Symbol file LoadedFromMemory is not a mono symbol file
Symbol file data-000002467C8ABE20 doesn't match image C:\Users\3D Tarde\patthfindjordanadu\HeavenDefense-Main\heavendefense\Library\ScriptAssemblies\Unity.VisualScripting.Shared.Editor.dll
Symbol file LoadedFromMemory is not a mono symbol file
Symbol file data-000002467B363030 doesn't match image C:\Users\3D Tarde\patthfindjordanadu\HeavenDefense-Main\heavendefense\Library\ScriptAssemblies\Unity.CollabProxy.Editor.dll
Symbol file LoadedFromMemory is not a mono symbol file
Symbol file data-000002467B363030 doesn't match image C:\Users\3D Tarde\patthfindjordanadu\HeavenDefense-Main\heavendefense\Library\ScriptAssemblies\Unity.VisualStudio.Editor.dll
Symbol file LoadedFromMemory is not a mono symbol file
Symbol file data-000002467C917020 doesn't match image C:\Users\3D Tarde\patthfindjordanadu\HeavenDefense-Main\heavendefense\Library\ScriptAssemblies\UnityEditor.UI.dll
Symbol file LoadedFromMemory is not a mono symbol file
Symbol file data-000002467C917020 doesn't match image C:\Users\3D Tarde\patthfindjordanadu\HeavenDefense-Main\heavendefense\Library\ScriptAssemblies\Unity.VisualScripting.Core.dll
Symbol file LoadedFromMemory is not a mono symbol file
Symbol file data-000002467C958630 doesn't match image C:\Users\3D Tarde\patthfindjordanadu\HeavenDefense-Main\heavendefense\Library\ScriptAssemblies\UnityEngine.UI.dll
Symbol file LoadedFromMemory is not a mono symbol file
Symbol file data-0000024636F08010 doesn't match image C:\Users\3D Tarde\patthfindjordanadu\HeavenDefense-Main\heavendefense\Library\ScriptAssemblies\Unity.VisualScripting.Core.Editor.dll
Symbol file LoadedFromMemory is not a mono symbol file
Symbol file data-000002467C96E040 doesn't match image C:\Users\3D Tarde\patthfindjordanadu\HeavenDefense-Main\heavendefense\Library\ScriptAssemblies\Unity.Rider.Editor.dll
Symbol file LoadedFromMemory is not a mono symbol file
Symbol file data-0000024636F3F620 doesn't match image C:\Users\3D Tarde\patthfindjordanadu\HeavenDefense-Main\heavendefense\Library\ScriptAssemblies\UnityEditor.TestRunner.dll
Symbol file LoadedFromMemory is not a mono symbol file
Symbol file data-0000024636F3F620 doesn't match image C:\Users\3D Tarde\patthfindjordanadu\HeavenDefense-Main\heavendefense\Library\ScriptAssemblies\Unity.VisualScripting.Flow.dll
Symbol file LoadedFromMemory is not a mono symbol file
Symbol file data-000002467C066E20 doesn't match image C:\Users\3D Tarde\patthfindjordanadu\HeavenDefense-Main\heavendefense\Library\ScriptAssemblies\Unity.VisualScripting.Flow.Editor.dll
Symbol file LoadedFromMemory is not a mono symbol file
Symbol file data-000002467C96E040 doesn't match image C:\Users\3D Tarde\patthfindjordanadu\HeavenDefense-Main\heavendefense\Library\ScriptAssemblies\Unity.Timeline.dll
Symbol file LoadedFromMemory is not a mono symbol file
Symbol file data-000002467B4BF260 doesn't match image C:\Users\3D Tarde\patthfindjordanadu\HeavenDefense-Main\heavendefense\Library\ScriptAssemblies\Unity.TestTools.CodeCoverage.Editor.OpenCover.Mono.Reflection.dll
Symbol file LoadedFromMemory is not a mono symbol file
Symbol file data-000002467C08AC30 doesn't match image C:\Users\3D Tarde\patthfindjordanadu\HeavenDefense-Main\heavendefense\Library\ScriptAssemblies\Unity.VisualScripting.SettingsProvider.Editor.dll
Symbol file LoadedFromMemory is not a mono symbol file
Symbol file data-0000024636F3F620 doesn't match image C:\Users\3D Tarde\patthfindjordanadu\HeavenDefense-Main\heavendefense\Library\ScriptAssemblies\Unity.Performance.Profile-Analyzer.Editor.dll
Symbol file LoadedFromMemory is not a mono symbol file
Symbol file data-000002467B3330E0 doesn't match image C:\Users\3D Tarde\patthfindjordanadu\HeavenDefense-Main\heavendefense\Library\ScriptAssemblies\Unity.TestTools.CodeCoverage.Editor.dll
Symbol file LoadedFromMemory is not a mono symbol file
Symbol file data-000002467B339AF0 doesn't match image C:\Users\3D Tarde\patthfindjordanadu\HeavenDefense-Main\heavendefense\Library\ScriptAssemblies\Unity.TestTools.CodeCoverage.Editor.OpenCover.Model.dll
Symbol file LoadedFromMemory is not a mono symbol file
Symbol file data-0000024636F60830 doesn't match image C:\Users\3D Tarde\patthfindjordanadu\HeavenDefense-Main\heavendefense\Library\ScriptAssemblies\UnityEngine.TestRunner.dll
Symbol file LoadedFromMemory is not a mono symbol file
Symbol file data-000002467C662A70 doesn't match image C:\Users\3D Tarde\patthfindjordanadu\HeavenDefense-Main\heavendefense\Library\ScriptAssemblies\Unity.VisualScripting.State.Editor.dll
Symbol file LoadedFromMemory is not a mono symbol file
Symbol file data-000002467B339AF0 doesn't match image C:\Users\3D Tarde\patthfindjordanadu\HeavenDefense-Main\heavendefense\Library\ScriptAssemblies\Unity.Settings.Editor.dll
Symbol file LoadedFromMemory is not a mono symbol file
Symbol file data-000002467A751490 doesn't match image C:\Users\3D Tarde\patthfindjordanadu\HeavenDefense-Main\heavendefense\Library\ScriptAssemblies\Unity.TextMeshPro.dll
Symbol file LoadedFromMemory is not a mono symbol file
Symbol file data-000002467C6CD010 doesn't match image C:\Users\3D Tarde\patthfindjordanadu\HeavenDefense-Main\heavendefense\Library\ScriptAssemblies\Unity.TextMeshPro.Editor.dll
Symbol file LoadedFromMemory is not a mono symbol file
Symbol file data-000002467A789EA0 doesn't match image C:\Users\3D Tarde\patthfindjordanadu\HeavenDefense-Main\heavendefense\Library\ScriptAssemblies\Unity.VisualScripting.State.dll
Symbol file LoadedFromMemory is not a mono symbol file
Symbol file data-000002467C6E0C30 doesn't match image C:\Users\3D Tarde\patthfindjordanadu\HeavenDefense-Main\heavendefense\Library\ScriptAssemblies\Unity.VSCode.Editor.dll
Symbol file LoadedFromMemory is not a mono symbol file
- Loaded All Assemblies, in  0.738 seconds
Refreshing native plugins compatible for Editor in 2.61 ms, found 3 plugins.
Native extension for WindowsStandalone target not found
Native extension for WebGL target not found
Package Manager log level set to [2]
[Package Manager] Server::EnsureServerProcessIsRunning -- launch failed, reason: Unity was launched with the -noUpm command-line argument
[Package Manager] UpmClient::Send -- Unable to send message (not connected to UPM process).
[Package Manager] Cannot connect to Unity Package Manager local server
Mono: successfully reloaded assembly
- Finished resetting the current domain, in  0.652 seconds
Domain Reload Profiling: 1387ms
	BeginReloadAssembly (151ms)
		ExecutionOrderSort (0ms)
		DisableScriptedObjects (5ms)
		BackupInstance (0ms)
		ReleaseScriptingObjects (0ms)
		CreateAndSetChildDomain (21ms)
	RebuildCommonClasses (33ms)
	RebuildNativeTypeToScriptingClass (11ms)
	initialDomainReloadingComplete (44ms)
	LoadAllAssembliesAndSetupDomain (495ms)
		LoadAssemblies (404ms)
		RebuildTransferFunctionScriptingTraits (0ms)
		AnalyzeDomain (177ms)
			TypeCache.Refresh (156ms)
				TypeCache.ScanAssembly (140ms)
			ScanForSourceGeneratedMonoScriptInfo (15ms)
			ResolveRequiredComponents (4ms)
	FinalizeReload (653ms)
		ReleaseScriptCaches (0ms)
		RebuildScriptCaches (0ms)
		SetupLoadedEditorAssemblies (492ms)
			LogAssemblyErrors (0ms)
			InitializePlatformSupportModulesInManaged (10ms)
			SetLoadedEditorAssemblies (4ms)
			RefreshPlugins (0ms)
			BeforeProcessingInitializeOnLoad (65ms)
			ProcessInitializeOnLoadAttributes (387ms)
			ProcessInitializeOnLoadMethodAttributes (19ms)
			AfterProcessingInitializeOnLoad (8ms)
			EditorAssembliesLoaded (0ms)
		ExecutionOrderSort2 (0ms)
		AwakeInstancesAfterBackupRestoration (6ms)
Launched and connected shader compiler UnityShaderCompiler.exe after 0.04 seconds
Refreshing native plugins compatible for Editor in 3.06 ms, found 3 plugins.
Preloading 0 native plugins for Editor in 0.00 ms.
Unloading 3364 Unused Serialized files (Serialized files now loaded: 0)
Unloading 53 unused Assets / (1.3 MB). Loaded Objects now: 3839.
Memory consumption went from 146.6 MB to 145.3 MB.
Total: 3.626900 ms (FindLiveObjects: 0.304900 ms CreateObjectMapping: 0.258000 ms MarkObjects: 2.716900 ms  DeleteObjects: 0.346100 ms)

AssetImportParameters requested are different than current active one (requested -> active):
  custom:container-demuxer-ogg: 62fdf1f143b41e24485cea50d1cbac27 -> 
  custom:video-decoder-ogg-theora: a1e56fd34408186e4bbccfd4996cb3dc -> 
  custom:framework-win-MediaFoundation: 216162199b28c13a410421893ffa2e32 -> 
  custom:CustomObjectIndexerAttribute: 756ad292c208cfabdd7b50bc23989ffe -> 
  custom:container-demuxer-webm: 4f35f7cbe854078d1ac9338744f61a02 -> 
  custom:container-muxer-webm: aa71ff27fc2769a1b78a27578f13a17b -> 
  custom:video-decoder-webm-vp8: 9c59270c3fd7afecdb556c50c9e8de78 -> 
  custom:SearchIndexIgnoredProperties: e643bd26f0fe6173181afceb89e7c659 -> 
  custom:AudioImporter_EditorPlatform: d09bf68614088b80899f8185d706f6e7 -> 
  custom:video-encoder-webm-vp8: eb34c28f22e8b96e1ab97ce403110664 -> 
  custom:audio-decoder-ogg-vorbis: bf7c407c2cedff20999df2af8eb42d56 -> 
  custom:audio-encoder-webm-vorbis: bf7c407c2cedff20999df2af8eb42d56 -> 
========================================================================
Received Import Request.
  Time since last request: 862467.684500 seconds.
  path: Assets/scripts/SCRIP/TORRETA.cs
  artifactKey: Guid(10769d3e8c262a54c940b1409fcf1fb6) Importer(815301076,1909f56bfc062723c751e8b465ee728b)
Start importing Assets/scripts/SCRIP/TORRETA.cs using Guid(10769d3e8c262a54c940b1409fcf1fb6) Importer(815301076,1909f56bfc062723c751e8b465ee728b)  -> (artifact id: '812d4344c8e83c01642b881b09238ce7') in 0.006332 seconds
Number of updated asset objects reloaded before import = 0
Number of asset objects unloaded after import = 0
========================================================================
Received Import Request.
  Time since last request: 0.936359 seconds.
  path: Assets/materiales/New Terrain.asset
  artifactKey: Guid(bfe9a874a7e85454ea1fc7437efa1ee8) Importer(815301076,1909f56bfc062723c751e8b465ee728b)
Start importing Assets/materiales/New Terrain.asset using Guid(bfe9a874a7e85454ea1fc7437efa1ee8) Importer(815301076,1909f56bfc062723c751e8b465ee728b)  -> (artifact id: '9cb564ebdc9e803f238e0566c1f9bc60') in 0.101491 seconds
Number of updated asset objects reloaded before import = 0
Number of asset objects unloaded after import = 5
========================================================================
Received Import Request.
  Time since last request: 1.026084 seconds.
  path: Assets/materiales/prefabs
  artifactKey: Guid(6d94d905fc2142b4481b411a3fb84e35) Importer(815301076,1909f56bfc062723c751e8b465ee728b)
Start importing Assets/materiales/prefabs using Guid(6d94d905fc2142b4481b411a3fb84e35) Importer(815301076,1909f56bfc062723c751e8b465ee728b)  -> (artifact id: '034b4024369b43a3d83532f236605d6e') in 0.000597 seconds
Number of updated asset objects reloaded before import = 0
Number of asset objects unloaded after import = 0
========================================================================
Received Import Request.
  Time since last request: 0.057056 seconds.
  path: Assets/materiales/prefabs/enemytest.prefab
  artifactKey: Guid(dd32cffdf2584544189a0e6aa05a9ad4) Importer(815301076,1909f56bfc062723c751e8b465ee728b)
Start importing Assets/materiales/prefabs/enemytest.prefab using Guid(dd32cffdf2584544189a0e6aa05a9ad4) Importer(815301076,1909f56bfc062723c751e8b465ee728b)  -> (artifact id: '6301de38806f9556a5c58b1d74f0edf8') in 0.000576 seconds
Number of updated asset objects reloaded before import = 0
Number of asset objects unloaded after import = 0
========================================================================
Received Import Request.
  Time since last request: 546.663437 seconds.
  path: Assets/materiales
  artifactKey: Guid(6997600d430dd8243be81cafaa88c0f3) Importer(815301076,1909f56bfc062723c751e8b465ee728b)
Start importing Assets/materiales using Guid(6997600d430dd8243be81cafaa88c0f3) Importer(815301076,1909f56bfc062723c751e8b465ee728b)  -> (artifact id: 'b4e0a4dc5bbc307e95d83e32a1434bc4') in 0.000853 seconds
Number of updated asset objects reloaded before import = 0
Number of asset objects unloaded after import = 0
========================================================================
Received Import Request.
  Time since last request: 16.718291 seconds.
  path: Assets/materiales/prefabs/diseño robot enemigo.obj
  artifactKey: Guid(7379b3186b17ddc4f94983f4a9d5fdda) Importer(815301076,1909f56bfc062723c751e8b465ee728b)
Start importing Assets/materiales/prefabs/diseño robot enemigo.obj using Guid(7379b3186b17ddc4f94983f4a9d5fdda) Importer(815301076,1909f56bfc062723c751e8b465ee728b)  -> (artifact id: '058994b622d1156f08f34a39ffc25a0e') in 0.135324 seconds
Number of updated asset objects reloaded before import = 0
Number of asset objects unloaded after import = 10
========================================================================
Received Import Request.
  Time since last request: 104.652986 seconds.
  path: Assets/materiales/prefabs/diseño robot enemigo.obj
  artifactKey: Guid(7379b3186b17ddc4f94983f4a9d5fdda) Importer(815301076,1909f56bfc062723c751e8b465ee728b)
Start importing Assets/materiales/prefabs/diseño robot enemigo.obj using Guid(7379b3186b17ddc4f94983f4a9d5fdda) Importer(815301076,1909f56bfc062723c751e8b465ee728b)  -> (artifact id: '9de16de07b88caed3588a8db3d1b0051') in 0.028175 seconds
Number of updated asset objects reloaded before import = 0
Number of asset objects unloaded after import = 10
========================================================================
Received Import Request.
  Time since last request: 260.041558 seconds.
  path: Assets/materiales/prefabs/diseño robot enemigo.obj
  artifactKey: Guid(7379b3186b17ddc4f94983f4a9d5fdda) Importer(815301076,1909f56bfc062723c751e8b465ee728b)
Start importing Assets/materiales/prefabs/diseño robot enemigo.obj using Guid(7379b3186b17ddc4f94983f4a9d5fdda) Importer(815301076,1909f56bfc062723c751e8b465ee728b)  -> (artifact id: '91593b59a9194fe78f779e81d21cedda') in 0.029208 seconds
Number of updated asset objects reloaded before import = 0
Number of asset objects unloaded after import = 10
========================================================================
Received Import Request.
  Time since last request: 6.966716 seconds.
  path: Assets/materiales/prefabs/diseño robot enemigo.mtl
  artifactKey: Guid(391fd2d3a8e5982438a315d806c28145) Importer(815301076,1909f56bfc062723c751e8b465ee728b)
Start importing Assets/materiales/prefabs/diseño robot enemigo.mtl using Guid(391fd2d3a8e5982438a315d806c28145) Importer(815301076,1909f56bfc062723c751e8b465ee728b)  -> (artifact id: '2d48a590bff2629f3d31ba0f3f057835') in 0.000930 seconds
Number of updated asset objects reloaded before import = 0
Number of asset objects unloaded after import = 1
========================================================================
Received Import Request.
  Time since last request: 104.528949 seconds.
  path: Assets/materiales/prefabs/diseño robot enemigo.obj
  artifactKey: Guid(7379b3186b17ddc4f94983f4a9d5fdda) Importer(815301076,1909f56bfc062723c751e8b465ee728b)
Start importing Assets/materiales/prefabs/diseño robot enemigo.obj using Guid(7379b3186b17ddc4f94983f4a9d5fdda) Importer(815301076,1909f56bfc062723c751e8b465ee728b)  -> (artifact id: '84543a0a27a645fbd5da84fd5dbaa43a') in 0.026373 seconds
Number of updated asset objects reloaded before import = 0
Number of asset objects unloaded after import = 10
========================================================================
Received Import Request.
  Time since last request: 25.055458 seconds.
  path: Assets/materiales/prefabs/diseño robot enemigo 1.obj
  artifactKey: Guid(08bb9108412b3794299df57f7acfe766) Importer(815301076,1909f56bfc062723c751e8b465ee728b)
Start importing Assets/materiales/prefabs/diseño robot enemigo 1.obj using Guid(08bb9108412b3794299df57f7acfe766) Importer(815301076,1909f56bfc062723c751e8b465ee728b)  -> (artifact id: 'ea9844b43e394ffa20792bf6fa6dcccb') in 0.047716 seconds
Number of updated asset objects reloaded before import = 0
Number of asset objects unloaded after import = 10
========================================================================
Received Import Request.
  Time since last request: 102.185311 seconds.
  path: Assets/Scenes
  artifactKey: Guid(dedef0b78073a6548836b071d5cb0eeb) Importer(815301076,1909f56bfc062723c751e8b465ee728b)
Start importing Assets/Scenes using Guid(dedef0b78073a6548836b071d5cb0eeb) Importer(815301076,1909f56bfc062723c751e8b465ee728b)  -> (artifact id: '29e6a1081cc7754530a4b7ac87b427c0') in 0.000737 seconds
Number of updated asset objects reloaded before import = 0
Number of asset objects unloaded after import = 0
========================================================================
Received Import Request.
  Time since last request: 2.281591 seconds.
  path: Assets/scripts/SCRIP/invocarenemigos.cs
  artifactKey: Guid(049a75a6bdea7da4fac1af4634cf1fae) Importer(815301076,1909f56bfc062723c751e8b465ee728b)
Start importing Assets/scripts/SCRIP/invocarenemigos.cs using Guid(049a75a6bdea7da4fac1af4634cf1fae) Importer(815301076,1909f56bfc062723c751e8b465ee728b)  -> (artifact id: 'ba02182e92b12c3567736b908a412ed7') in 0.000452 seconds
Number of updated asset objects reloaded before import = 0
Number of asset objects unloaded after import = 0
========================================================================
Received Import Request.
  Time since last request: 1.973504 seconds.
  path: Assets/scripts/SCRIP/SistemaColocacion.cs
  artifactKey: Guid(79b36196d2b4d724c9b7c2392638a84a) Importer(815301076,1909f56bfc062723c751e8b465ee728b)
Start importing Assets/scripts/SCRIP/SistemaColocacion.cs using Guid(79b36196d2b4d724c9b7c2392638a84a) Importer(815301076,1909f56bfc062723c751e8b465ee728b)  -> (artifact id: 'd7a9e58a5bf5e00940010761219e96bb') in 0.000498 seconds
Number of updated asset objects reloaded before import = 0
Number of asset objects unloaded after import = 0
========================================================================
Received Import Request.
  Time since last request: 108.082296 seconds.
  path: Assets/scripts/SCRIP/Muro.cs
  artifactKey: Guid(6ff92ed3419a7e843a5b67305350f4ca) Importer(815301076,1909f56bfc062723c751e8b465ee728b)
Start importing Assets/scripts/SCRIP/Muro.cs using Guid(6ff92ed3419a7e843a5b67305350f4ca) Importer(815301076,1909f56bfc062723c751e8b465ee728b)  -> (artifact id: '5dea0e520adbf356000c492e3a1439fe') in 0.000450 seconds
Number of updated asset objects reloaded before import = 0
Number of asset objects unloaded after import = 0
========================================================================
Received Import Request.
  Time since last request: 639.112182 seconds.
  path: Assets/scripts/SCRIP/SistemaColocacion.cs
  artifactKey: Guid(79b36196d2b4d724c9b7c2392638a84a) Importer(815301076,1909f56bfc062723c751e8b465ee728b)
Start importing Assets/scripts/SCRIP/SistemaColocacion.cs using Guid(79b36196d2b4d724c9b7c2392638a84a) Importer(815301076,1909f56bfc062723c751e8b465ee728b)  -> (artifact id: '472e63afc62f25a02f8e64de58f93b59') in 0.000742 seconds
Number of updated asset objects reloaded before import = 0
Number of asset objects unloaded after import = 0
========================================================================
Received Prepare
Begin MonoManager ReloadAssembly
Symbol file data-000002467AD2F0A0 doesn't match image C:\Users\3D Tarde\patthfindjordanadu\HeavenDefense-Main\heavendefense\Library\ScriptAssemblies\Unity.EditorCoroutines.Editor.dll
Symbol file LoadedFromMemory is not a mono symbol file
Symbol file data-000002467AB51010 doesn't match image C:\Users\3D Tarde\patthfindjordanadu\HeavenDefense-Main\heavendefense\Library\ScriptAssemblies\Unity.PlasticSCM.Editor.dll
Symbol file LoadedFromMemory is not a mono symbol file
Symbol file data-00000244C678C020 doesn't match image C:\Users\3D Tarde\patthfindjordanadu\HeavenDefense-Main\heavendefense\Library\ScriptAssemblies\Unity.Timeline.Editor.dll
Symbol file LoadedFromMemory is not a mono symbol file
Symbol file data-000002467CDF3010 doesn't match image C:\Users\3D Tarde\patthfindjordanadu\HeavenDefense-Main\heavendefense\Library\ScriptAssemblies\Unity.VisualScripting.Shared.Editor.dll
Symbol file LoadedFromMemory is not a mono symbol file
Symbol file data-000002467CC7E020 doesn't match image C:\Users\3D Tarde\patthfindjordanadu\HeavenDefense-Main\heavendefense\Library\ScriptAssemblies\Unity.CollabProxy.Editor.dll
Symbol file LoadedFromMemory is not a mono symbol file
Symbol file data-000002467D26A090 doesn't match image C:\Users\3D Tarde\patthfindjordanadu\HeavenDefense-Main\heavendefense\Library\ScriptAssemblies\Unity.VisualStudio.Editor.dll
Symbol file LoadedFromMemory is not a mono symbol file
Symbol file data-000002467DBD1040 doesn't match image C:\Users\3D Tarde\patthfindjordanadu\HeavenDefense-Main\heavendefense\Library\ScriptAssemblies\UnityEditor.UI.dll
Symbol file LoadedFromMemory is not a mono symbol file
Symbol file data-000002467DEB5050 doesn't match image C:\Users\3D Tarde\patthfindjordanadu\HeavenDefense-Main\heavendefense\Library\ScriptAssemblies\Unity.VisualScripting.Core.dll
Symbol file LoadedFromMemory is not a mono symbol file
Symbol file data-000002467AB51010 doesn't match image C:\Users\3D Tarde\patthfindjordanadu\HeavenDefense-Main\heavendefense\Library\ScriptAssemblies\UnityEngine.UI.dll
Symbol file LoadedFromMemory is not a mono symbol file
Symbol file data-00000244C5AA4010 doesn't match image C:\Users\3D Tarde\patthfindjordanadu\HeavenDefense-Main\heavendefense\Library\ScriptAssemblies\Unity.VisualScripting.Core.Editor.dll
Symbol file LoadedFromMemory is not a mono symbol file
Symbol file data-000002467DBD1040 doesn't match image C:\Users\3D Tarde\patthfindjordanadu\HeavenDefense-Main\heavendefense\Library\ScriptAssemblies\Unity.Rider.Editor.dll
Symbol file LoadedFromMemory is not a mono symbol file
Symbol file data-000002467D881020 doesn't match image C:\Users\3D Tarde\patthfindjordanadu\HeavenDefense-Main\heavendefense\Library\ScriptAssemblies\UnityEditor.TestRunner.dll
Symbol file LoadedFromMemory is not a mono symbol file
Symbol file data-00000244C5E64040 doesn't match image C:\Users\3D Tarde\patthfindjordanadu\HeavenDefense-Main\heavendefense\Library\ScriptAssemblies\Unity.VisualScripting.Flow.dll
Symbol file LoadedFromMemory is not a mono symbol file
Symbol file data-00000244C7065950 doesn't match image C:\Users\3D Tarde\patthfindjordanadu\HeavenDefense-Main\heavendefense\Library\ScriptAssemblies\Unity.VisualScripting.Flow.Editor.dll
Symbol file LoadedFromMemory is not a mono symbol file
Symbol file data-000002467AE5BE00 doesn't match image C:\Users\3D Tarde\patthfindjordanadu\HeavenDefense-Main\heavendefense\Library\ScriptAssemblies\Unity.Timeline.dll
Symbol file LoadedFromMemory is not a mono symbol file
Symbol file data-000002467CC7E020 doesn't match image C:\Users\3D Tarde\patthfindjordanadu\HeavenDefense-Main\heavendefense\Library\ScriptAssemblies\Unity.TestTools.CodeCoverage.Editor.OpenCover.Mono.Reflection.dll
Symbol file LoadedFromMemory is not a mono symbol file
Symbol file data-000002467B069040 doesn't match image C:\Users\3D Tarde\patthfindjordanadu\HeavenDefense-Main\heavendefense\Library\ScriptAssemblies\Unity.VisualScripting.SettingsProvider.Editor.dll
Symbol file LoadedFromMemory is not a mono symbol file
Symbol file data-00000244C5E87E50 doesn't match image C:\Users\3D Tarde\patthfindjordanadu\HeavenDefense-Main\heavendefense\Library\ScriptAssemblies\Unity.Performance.Profile-Analyzer.Editor.dll
Symbol file LoadedFromMemory is not a mono symbol file
Symbol file data-000002467D26A090 doesn't match image C:\Users\3D Tarde\patthfindjordanadu\HeavenDefense-Main\heavendefense\Library\ScriptAssemblies\Unity.TestTools.CodeCoverage.Editor.dll
Symbol file LoadedFromMemory is not a mono symbol file
Symbol file data-00000244C5C72E30 doesn't match image C:\Users\3D Tarde\patthfindjordanadu\HeavenDefense-Main\heavendefense\Library\ScriptAssemblies\Unity.TestTools.CodeCoverage.Editor.OpenCover.Model.dll
Symbol file LoadedFromMemory is not a mono symbol file
Symbol file data-000002467D26A090 doesn't match image C:\Users\3D Tarde\patthfindjordanadu\HeavenDefense-Main\heavendefense\Library\ScriptAssemblies\UnityEngine.TestRunner.dll
Symbol file LoadedFromMemory is not a mono symbol file
Symbol file data-000002467DBD1040 doesn't match image C:\Users\3D Tarde\patthfindjordanadu\HeavenDefense-Main\heavendefense\Library\ScriptAssemblies\Unity.VisualScripting.State.Editor.dll
Symbol file LoadedFromMemory is not a mono symbol file
Symbol file data-000002467D7E3050 doesn't match image C:\Users\3D Tarde\patthfindjordanadu\HeavenDefense-Main\heavendefense\Library\ScriptAssemblies\Unity.Settings.Editor.dll
Symbol file LoadedFromMemory is not a mono symbol file
Symbol file data-00000244C5F4E020 doesn't match image C:\Users\3D Tarde\patthfindjordanadu\HeavenDefense-Main\heavendefense\Library\ScriptAssemblies\Unity.TextMeshPro.dll
Symbol file LoadedFromMemory is not a mono symbol file
Symbol file data-000002467AE5BE00 doesn't match image C:\Users\3D Tarde\patthfindjordanadu\HeavenDefense-Main\heavendefense\Library\ScriptAssemblies\Unity.TextMeshPro.Editor.dll
Symbol file LoadedFromMemory is not a mono symbol file
Symbol file data-000002467D6E6010 doesn't match image C:\Users\3D Tarde\patthfindjordanadu\HeavenDefense-Main\heavendefense\Library\ScriptAssemblies\Unity.VisualScripting.State.dll
Symbol file LoadedFromMemory is not a mono symbol file
Symbol file data-000002467C6B3010 doesn't match image C:\Users\3D Tarde\patthfindjordanadu\HeavenDefense-Main\heavendefense\Library\ScriptAssemblies\Unity.VSCode.Editor.dll
Symbol file LoadedFromMemory is not a mono symbol file
- Loaded All Assemblies, in  1.730 seconds
Refreshing native plugins compatible for Editor in 4.48 ms, found 3 plugins.
Native extension for WindowsStandalone target not found
Native extension for WebGL target not found
[Package Manager] Server::EnsureServerProcessIsRunning -- launch failed, reason: Unity was launched with the -noUpm command-line argument
[Package Manager] UpmClient::Send -- Unable to send message (not connected to UPM process).
[Package Manager] Cannot connect to Unity Package Manager local server
Mono: successfully reloaded assembly
- Finished resetting the current domain, in  1.666 seconds
Domain Reload Profiling: 3394ms
	BeginReloadAssembly (698ms)
		ExecutionOrderSort (1ms)
		DisableScriptedObjects (109ms)
		BackupInstance (0ms)
		ReleaseScriptingObjects (1ms)
		CreateAndSetChildDomain (289ms)
	RebuildCommonClasses (39ms)
	RebuildNativeTypeToScriptingClass (12ms)
	initialDomainReloadingComplete (39ms)
	LoadAllAssembliesAndSetupDomain (940ms)
		LoadAssemblies (1041ms)
		RebuildTransferFunctionScriptingTraits (0ms)
		AnalyzeDomain (57ms)
			TypeCache.Refresh (37ms)
				TypeCache.ScanAssembly (1ms)
			ScanForSourceGeneratedMonoScriptInfo (12ms)
			ResolveRequiredComponents (7ms)
	FinalizeReload (1666ms)
		ReleaseScriptCaches (0ms)
		RebuildScriptCaches (0ms)
		SetupLoadedEditorAssemblies (513ms)
			LogAssemblyErrors (0ms)
			InitializePlatformSupportModulesInManaged (41ms)
			SetLoadedEditorAssemblies (14ms)
			RefreshPlugins (0ms)
			BeforeProcessingInitializeOnLoad (74ms)
			ProcessInitializeOnLoadAttributes (354ms)
			ProcessInitializeOnLoadMethodAttributes (23ms)
			AfterProcessingInitializeOnLoad (8ms)
			EditorAssembliesLoaded (0ms)
		ExecutionOrderSort2 (0ms)
		AwakeInstancesAfterBackupRestoration (7ms)
Refreshing native plugins compatible for Editor in 2.62 ms, found 3 plugins.
Preloading 0 native plugins for Editor in 0.00 ms.
Unloading 3273 Unused Serialized files (Serialized files now loaded: 0)
Unloading 34 unused Assets / (1.3 MB). Loaded Objects now: 3853.
Memory consumption went from 138.3 MB to 137.1 MB.
Total: 7.046000 ms (FindLiveObjects: 0.332900 ms CreateObjectMapping: 0.264500 ms MarkObjects: 6.084000 ms  DeleteObjects: 0.363400 ms)

Prepare: number of updated asset objects reloaded= 0
AssetImportParameters requested are different than current active one (requested -> active):
  custom:container-demuxer-ogg: 62fdf1f143b41e24485cea50d1cbac27 -> 
  custom:video-decoder-ogg-theora: a1e56fd34408186e4bbccfd4996cb3dc -> 
  custom:framework-win-MediaFoundation: 216162199b28c13a410421893ffa2e32 -> 
  custom:CustomObjectIndexerAttribute: 756ad292c208cfabdd7b50bc23989ffe -> 
  custom:container-demuxer-webm: 4f35f7cbe854078d1ac9338744f61a02 -> 
  custom:container-muxer-webm: aa71ff27fc2769a1b78a27578f13a17b -> 
  custom:video-decoder-webm-vp8: 9c59270c3fd7afecdb556c50c9e8de78 -> 
  custom:SearchIndexIgnoredProperties: e643bd26f0fe6173181afceb89e7c659 -> 
  custom:AudioImporter_EditorPlatform: d09bf68614088b80899f8185d706f6e7 -> 
  custom:video-encoder-webm-vp8: eb34c28f22e8b96e1ab97ce403110664 -> 
  custom:audio-decoder-ogg-vorbis: bf7c407c2cedff20999df2af8eb42d56 -> 
  custom:audio-encoder-webm-vorbis: bf7c407c2cedff20999df2af8eb42d56 -> 
========================================================================
Received Prepare
Begin MonoManager ReloadAssembly
Symbol file data-000002467B06FE50 doesn't match image C:\Users\3D Tarde\patthfindjordanadu\HeavenDefense-Main\heavendefense\Library\ScriptAssemblies\Unity.EditorCoroutines.Editor.dll
Symbol file LoadedFromMemory is not a mono symbol file
Symbol file data-000002467DC63010 doesn't match image C:\Users\3D Tarde\patthfindjordanadu\HeavenDefense-Main\heavendefense\Library\ScriptAssemblies\Unity.PlasticSCM.Editor.dll
Symbol file LoadedFromMemory is not a mono symbol file
Symbol file data-000002467C3BBC40 doesn't match image C:\Users\3D Tarde\patthfindjordanadu\HeavenDefense-Main\heavendefense\Library\ScriptAssemblies\Unity.Timeline.Editor.dll
Symbol file LoadedFromMemory is not a mono symbol file
Symbol file data-000002467B06FE50 doesn't match image C:\Users\3D Tarde\patthfindjordanadu\HeavenDefense-Main\heavendefense\Library\ScriptAssemblies\Unity.VisualScripting.Shared.Editor.dll
Symbol file LoadedFromMemory is not a mono symbol file
Symbol file data-000002467D6E6010 doesn't match image C:\Users\3D Tarde\patthfindjordanadu\HeavenDefense-Main\heavendefense\Library\ScriptAssemblies\Unity.CollabProxy.Editor.dll
Symbol file LoadedFromMemory is not a mono symbol file
Symbol file data-000002463715B040 doesn't match image C:\Users\3D Tarde\patthfindjordanadu\HeavenDefense-Main\heavendefense\Library\ScriptAssemblies\Unity.VisualStudio.Editor.dll
Symbol file LoadedFromMemory is not a mono symbol file
Symbol file data-000002467CBEA020 doesn't match image C:\Users\3D Tarde\patthfindjordanadu\HeavenDefense-Main\heavendefense\Library\ScriptAssemblies\UnityEditor.UI.dll
Symbol file LoadedFromMemory is not a mono symbol file
Symbol file data-000002467DEB5050 doesn't match image C:\Users\3D Tarde\patthfindjordanadu\HeavenDefense-Main\heavendefense\Library\ScriptAssemblies\Unity.VisualScripting.Core.dll
Symbol file LoadedFromMemory is not a mono symbol file
Symbol file data-000002467AFAE010 doesn't match image C:\Users\3D Tarde\patthfindjordanadu\HeavenDefense-Main\heavendefense\Library\ScriptAssemblies\UnityEngine.UI.dll
Symbol file LoadedFromMemory is not a mono symbol file
Symbol file data-00000244C5F2E010 doesn't match image C:\Users\3D Tarde\patthfindjordanadu\HeavenDefense-Main\heavendefense\Library\ScriptAssemblies\Unity.VisualScripting.Core.Editor.dll
Symbol file LoadedFromMemory is not a mono symbol file
Symbol file data-000002467DBD1040 doesn't match image C:\Users\3D Tarde\patthfindjordanadu\HeavenDefense-Main\heavendefense\Library\ScriptAssemblies\Unity.Rider.Editor.dll
Symbol file LoadedFromMemory is not a mono symbol file
Symbol file data-000002467C4C9630 doesn't match image C:\Users\3D Tarde\patthfindjordanadu\HeavenDefense-Main\heavendefense\Library\ScriptAssemblies\UnityEditor.TestRunner.dll
Symbol file LoadedFromMemory is not a mono symbol file
Symbol file data-000002467AC8C010 doesn't match image C:\Users\3D Tarde\patthfindjordanadu\HeavenDefense-Main\heavendefense\Library\ScriptAssemblies\Unity.VisualScripting.Flow.dll
Symbol file LoadedFromMemory is not a mono symbol file
Symbol file data-00000244C6DBF0B0 doesn't match image C:\Users\3D Tarde\patthfindjordanadu\HeavenDefense-Main\heavendefense\Library\ScriptAssemblies\Unity.VisualScripting.Flow.Editor.dll
Symbol file LoadedFromMemory is not a mono symbol file
Symbol file data-000002467B691010 doesn't match image C:\Users\3D Tarde\patthfindjordanadu\HeavenDefense-Main\heavendefense\Library\ScriptAssemblies\Unity.Timeline.dll
Symbol file LoadedFromMemory is not a mono symbol file
Symbol file data-000002467D258010 doesn't match image C:\Users\3D Tarde\patthfindjordanadu\HeavenDefense-Main\heavendefense\Library\ScriptAssemblies\Unity.TestTools.CodeCoverage.Editor.OpenCover.Mono.Reflection.dll
Symbol file LoadedFromMemory is not a mono symbol file
Symbol file data-000002467DB28260 doesn't match image C:\Users\3D Tarde\patthfindjordanadu\HeavenDefense-Main\heavendefense\Library\ScriptAssemblies\Unity.VisualScripting.SettingsProvider.Editor.dll
Symbol file LoadedFromMemory is not a mono symbol file
Symbol file data-00000244C6DBF0B0 doesn't match image C:\Users\3D Tarde\patthfindjordanadu\HeavenDefense-Main\heavendefense\Library\ScriptAssemblies\Unity.Performance.Profile-Analyzer.Editor.dll
Symbol file LoadedFromMemory is not a mono symbol file
Symbol file data-000002467CBEA020 doesn't match image C:\Users\3D Tarde\patthfindjordanadu\HeavenDefense-Main\heavendefense\Library\ScriptAssemblies\Unity.TestTools.CodeCoverage.Editor.dll
Symbol file LoadedFromMemory is not a mono symbol file
Symbol file data-00000244C65B8050 doesn't match image C:\Users\3D Tarde\patthfindjordanadu\HeavenDefense-Main\heavendefense\Library\ScriptAssemblies\Unity.TestTools.CodeCoverage.Editor.OpenCover.Model.dll
Symbol file LoadedFromMemory is not a mono symbol file
Symbol file data-000002467B310D60 doesn't match image C:\Users\3D Tarde\patthfindjordanadu\HeavenDefense-Main\heavendefense\Library\ScriptAssemblies\UnityEngine.TestRunner.dll
Symbol file LoadedFromMemory is not a mono symbol file
Symbol file data-000002467ACAFE20 doesn't match image C:\Users\3D Tarde\patthfindjordanadu\HeavenDefense-Main\heavendefense\Library\ScriptAssemblies\Unity.VisualScripting.State.Editor.dll
Symbol file LoadedFromMemory is not a mono symbol file
Symbol file data-000002467C6B3010 doesn't match image C:\Users\3D Tarde\patthfindjordanadu\HeavenDefense-Main\heavendefense\Library\ScriptAssemblies\Unity.Settings.Editor.dll
Symbol file LoadedFromMemory is not a mono symbol file
Symbol file data-000002467D975010 doesn't match image C:\Users\3D Tarde\patthfindjordanadu\HeavenDefense-Main\heavendefense\Library\ScriptAssemblies\Unity.TextMeshPro.dll
Symbol file LoadedFromMemory is not a mono symbol file
Symbol file data-000002467D3BA010 doesn't match image C:\Users\3D Tarde\patthfindjordanadu\HeavenDefense-Main\heavendefense\Library\ScriptAssemblies\Unity.TextMeshPro.Editor.dll
Symbol file LoadedFromMemory is not a mono symbol file
Symbol file data-000002467D7E3050 doesn't match image C:\Users\3D Tarde\patthfindjordanadu\HeavenDefense-Main\heavendefense\Library\ScriptAssemblies\Unity.VisualScripting.State.dll
Symbol file LoadedFromMemory is not a mono symbol file
Symbol file data-00000244C66A6010 doesn't match image C:\Users\3D Tarde\patthfindjordanadu\HeavenDefense-Main\heavendefense\Library\ScriptAssemblies\Unity.VSCode.Editor.dll
Symbol file LoadedFromMemory is not a mono symbol file
- Loaded All Assemblies, in  0.634 seconds
Refreshing native plugins compatible for Editor in 2.79 ms, found 3 plugins.
Native extension for WindowsStandalone target not found
Native extension for WebGL target not found
[Package Manager] Server::EnsureServerProcessIsRunning -- launch failed, reason: Unity was launched with the -noUpm command-line argument
[Package Manager] UpmClient::Send -- Unable to send message (not connected to UPM process).
[Package Manager] Cannot connect to Unity Package Manager local server
Mono: successfully reloaded assembly
- Finished resetting the current domain, in  1.413 seconds
Domain Reload Profiling: 2044ms
	BeginReloadAssembly (176ms)
		ExecutionOrderSort (0ms)
		DisableScriptedObjects (5ms)
		BackupInstance (0ms)
		ReleaseScriptingObjects (0ms)
		CreateAndSetChildDomain (35ms)
	RebuildCommonClasses (47ms)
	RebuildNativeTypeToScriptingClass (11ms)
	initialDomainReloadingComplete (30ms)
	LoadAllAssembliesAndSetupDomain (367ms)
		LoadAssemblies (441ms)
		RebuildTransferFunctionScriptingTraits (0ms)
		AnalyzeDomain (29ms)
			TypeCache.Refresh (14ms)
				TypeCache.ScanAssembly (1ms)
			ScanForSourceGeneratedMonoScriptInfo (9ms)
			ResolveRequiredComponents (5ms)
	FinalizeReload (1413ms)
		ReleaseScriptCaches (0ms)
		RebuildScriptCaches (0ms)
		SetupLoadedEditorAssemblies (423ms)
			LogAssemblyErrors (0ms)
			InitializePlatformSupportModulesInManaged (7ms)
			SetLoadedEditorAssemblies (4ms)
			RefreshPlugins (0ms)
			BeforeProcessingInitializeOnLoad (65ms)
			ProcessInitializeOnLoadAttributes (322ms)
			ProcessInitializeOnLoadMethodAttributes (18ms)
			AfterProcessingInitializeOnLoad (7ms)
			EditorAssembliesLoaded (0ms)
		ExecutionOrderSort2 (0ms)
		AwakeInstancesAfterBackupRestoration (6ms)
Refreshing native plugins compatible for Editor in 2.83 ms, found 3 plugins.
Preloading 0 native plugins for Editor in 0.00 ms.
Unloading 3274 Unused Serialized files (Serialized files now loaded: 0)
Unloading 34 unused Assets / (1.3 MB). Loaded Objects now: 3856.
Memory consumption went from 138.6 MB to 137.3 MB.
Total: 3.645900 ms (FindLiveObjects: 0.450100 ms CreateObjectMapping: 0.264600 ms MarkObjects: 2.586300 ms  DeleteObjects: 0.344000 ms)

Prepare: number of updated asset objects reloaded= 0
AssetImportParameters requested are different than current active one (requested -> active):
  custom:container-demuxer-ogg: 62fdf1f143b41e24485cea50d1cbac27 -> 
  custom:video-decoder-ogg-theora: a1e56fd34408186e4bbccfd4996cb3dc -> 
  custom:framework-win-MediaFoundation: 216162199b28c13a410421893ffa2e32 -> 
  custom:CustomObjectIndexerAttribute: 756ad292c208cfabdd7b50bc23989ffe -> 
  custom:container-demuxer-webm: 4f35f7cbe854078d1ac9338744f61a02 -> 
  custom:container-muxer-webm: aa71ff27fc2769a1b78a27578f13a17b -> 
  custom:video-decoder-webm-vp8: 9c59270c3fd7afecdb556c50c9e8de78 -> 
  custom:SearchIndexIgnoredProperties: e643bd26f0fe6173181afceb89e7c659 -> 
  custom:AudioImporter_EditorPlatform: d09bf68614088b80899f8185d706f6e7 -> 
  custom:video-encoder-webm-vp8: eb34c28f22e8b96e1ab97ce403110664 -> 
  custom:audio-decoder-ogg-vorbis: bf7c407c2cedff20999df2af8eb42d56 -> 
  custom:audio-encoder-webm-vorbis: bf7c407c2cedff20999df2af8eb42d56 -> 
========================================================================
Received Prepare
Begin MonoManager ReloadAssembly
Symbol file data-00000244C69DE850 doesn't match image C:\Users\3D Tarde\patthfindjordanadu\HeavenDefense-Main\heavendefense\Library\ScriptAssemblies\Unity.EditorCoroutines.Editor.dll
Symbol file LoadedFromMemory is not a mono symbol file
Symbol file data-000002467DEB5050 doesn't match image C:\Users\3D Tarde\patthfindjordanadu\HeavenDefense-Main\heavendefense\Library\ScriptAssemblies\Unity.PlasticSCM.Editor.dll
Symbol file LoadedFromMemory is not a mono symbol file
Symbol file data-00000244C678C020 doesn't match image C:\Users\3D Tarde\patthfindjordanadu\HeavenDefense-Main\heavendefense\Library\ScriptAssemblies\Unity.Timeline.Editor.dll
Symbol file LoadedFromMemory is not a mono symbol file
Symbol file data-000002467C660050 doesn't match image C:\Users\3D Tarde\patthfindjordanadu\HeavenDefense-Main\heavendefense\Library\ScriptAssemblies\Unity.VisualScripting.Shared.Editor.dll
Symbol file LoadedFromMemory is not a mono symbol file
Symbol file data-00000244C69DE850 doesn't match image C:\Users\3D Tarde\patthfindjordanadu\HeavenDefense-Main\heavendefense\Library\ScriptAssemblies\Unity.CollabProxy.Editor.dll
Symbol file LoadedFromMemory is not a mono symbol file
Symbol file data-000002467A92A9C0 doesn't match image C:\Users\3D Tarde\patthfindjordanadu\HeavenDefense-Main\heavendefense\Library\ScriptAssemblies\Unity.VisualStudio.Editor.dll
Symbol file LoadedFromMemory is not a mono symbol file
Symbol file data-00000244C60F2020 doesn't match image C:\Users\3D Tarde\patthfindjordanadu\HeavenDefense-Main\heavendefense\Library\ScriptAssemblies\UnityEditor.UI.dll
Symbol file LoadedFromMemory is not a mono symbol file
Symbol file data-000002467B47B020 doesn't match image C:\Users\3D Tarde\patthfindjordanadu\HeavenDefense-Main\heavendefense\Library\ScriptAssemblies\Unity.VisualScripting.Core.dll
Symbol file LoadedFromMemory is not a mono symbol file
Symbol file data-000002467DFA9020 doesn't match image C:\Users\3D Tarde\patthfindjordanadu\HeavenDefense-Main\heavendefense\Library\ScriptAssemblies\UnityEngine.UI.dll
Symbol file LoadedFromMemory is not a mono symbol file
Symbol file data-000002467B3FF010 doesn't match image C:\Users\3D Tarde\patthfindjordanadu\HeavenDefense-Main\heavendefense\Library\ScriptAssemblies\Unity.VisualScripting.Core.Editor.dll
Symbol file LoadedFromMemory is not a mono symbol file
Symbol file data-00000244C60F2020 doesn't match image C:\Users\3D Tarde\patthfindjordanadu\HeavenDefense-Main\heavendefense\Library\ScriptAssemblies\Unity.Rider.Editor.dll
Symbol file LoadedFromMemory is not a mono symbol file
Symbol file data-000002467C4C9630 doesn't match image C:\Users\3D Tarde\patthfindjordanadu\HeavenDefense-Main\heavendefense\Library\ScriptAssemblies\UnityEditor.TestRunner.dll
Symbol file LoadedFromMemory is not a mono symbol file
Symbol file data-000002467AC8C010 doesn't match image C:\Users\3D Tarde\patthfindjordanadu\HeavenDefense-Main\heavendefense\Library\ScriptAssemblies\Unity.VisualScripting.Flow.dll
Symbol file LoadedFromMemory is not a mono symbol file
Symbol file data-000002467B04C070 doesn't match image C:\Users\3D Tarde\patthfindjordanadu\HeavenDefense-Main\heavendefense\Library\ScriptAssemblies\Unity.VisualScripting.Flow.Editor.dll
Symbol file LoadedFromMemory is not a mono symbol file
Symbol file data-000002467D3BA010 doesn't match image C:\Users\3D Tarde\patthfindjordanadu\HeavenDefense-Main\heavendefense\Library\ScriptAssemblies\Unity.Timeline.dll
Symbol file LoadedFromMemory is not a mono symbol file
Symbol file data-000002467C660050 doesn't match image C:\Users\3D Tarde\patthfindjordanadu\HeavenDefense-Main\heavendefense\Library\ScriptAssemblies\Unity.TestTools.CodeCoverage.Editor.OpenCover.Mono.Reflection.dll
Symbol file LoadedFromMemory is not a mono symbol file
Symbol file data-000002467C660050 doesn't match image C:\Users\3D Tarde\patthfindjordanadu\HeavenDefense-Main\heavendefense\Library\ScriptAssemblies\Unity.VisualScripting.SettingsProvider.Editor.dll
Symbol file LoadedFromMemory is not a mono symbol file
Symbol file data-000002467B04C070 doesn't match image C:\Users\3D Tarde\patthfindjordanadu\HeavenDefense-Main\heavendefense\Library\ScriptAssemblies\Unity.Performance.Profile-Analyzer.Editor.dll
Symbol file LoadedFromMemory is not a mono symbol file
Symbol file data-000002467A92A9C0 doesn't match image C:\Users\3D Tarde\patthfindjordanadu\HeavenDefense-Main\heavendefense\Library\ScriptAssemblies\Unity.TestTools.CodeCoverage.Editor.dll
Symbol file LoadedFromMemory is not a mono symbol file
Symbol file data-00000244C5E9B650 doesn't match image C:\Users\3D Tarde\patthfindjordanadu\HeavenDefense-Main\heavendefense\Library\ScriptAssemblies\Unity.TestTools.CodeCoverage.Editor.OpenCover.Model.dll
Symbol file LoadedFromMemory is not a mono symbol file
Symbol file data-000002467DA69030 doesn't match image C:\Users\3D Tarde\patthfindjordanadu\HeavenDefense-Main\heavendefense\Library\ScriptAssemblies\UnityEngine.TestRunner.dll
Symbol file LoadedFromMemory is not a mono symbol file
Symbol file data-00000244C60F2020 doesn't match image C:\Users\3D Tarde\patthfindjordanadu\HeavenDefense-Main\heavendefense\Library\ScriptAssemblies\Unity.VisualScripting.State.Editor.dll
Symbol file LoadedFromMemory is not a mono symbol file
Symbol file data-00000244C5AFDC20 doesn't match image C:\Users\3D Tarde\patthfindjordanadu\HeavenDefense-Main\heavendefense\Library\ScriptAssemblies\Unity.Settings.Editor.dll
Symbol file LoadedFromMemory is not a mono symbol file
Symbol file data-000002467DAFD030 doesn't match image C:\Users\3D Tarde\patthfindjordanadu\HeavenDefense-Main\heavendefense\Library\ScriptAssemblies\Unity.TextMeshPro.dll
Symbol file LoadedFromMemory is not a mono symbol file
Symbol file data-000002467D3BA010 doesn't match image C:\Users\3D Tarde\patthfindjordanadu\HeavenDefense-Main\heavendefense\Library\ScriptAssemblies\Unity.TextMeshPro.Editor.dll
Symbol file LoadedFromMemory is not a mono symbol file
Symbol file data-00000246E4058010 doesn't match image C:\Users\3D Tarde\patthfindjordanadu\HeavenDefense-Main\heavendefense\Library\ScriptAssemblies\Unity.VisualScripting.State.dll
Symbol file LoadedFromMemory is not a mono symbol file
Symbol file data-00000244C5AFDC20 doesn't match image C:\Users\3D Tarde\patthfindjordanadu\HeavenDefense-Main\heavendefense\Library\ScriptAssemblies\Unity.VSCode.Editor.dll
Symbol file LoadedFromMemory is not a mono symbol file
- Loaded All Assemblies, in  0.695 seconds
Refreshing native plugins compatible for Editor in 5.20 ms, found 3 plugins.
Native extension for WindowsStandalone target not found
Native extension for WebGL target not found
[Package Manager] Server::EnsureServerProcessIsRunning -- launch failed, reason: Unity was launched with the -noUpm command-line argument
[Package Manager] UpmClient::Send -- Unable to send message (not connected to UPM process).
[Package Manager] Cannot connect to Unity Package Manager local server
Mono: successfully reloaded assembly
- Finished resetting the current domain, in  2.187 seconds
Domain Reload Profiling: 2879ms
	BeginReloadAssembly (234ms)
		ExecutionOrderSort (0ms)
		DisableScriptedObjects (7ms)
		BackupInstance (0ms)
		ReleaseScriptingObjects (0ms)
		CreateAndSetChildDomain (42ms)
	RebuildCommonClasses (56ms)
	RebuildNativeTypeToScriptingClass (12ms)
	initialDomainReloadingComplete (37ms)
	LoadAllAssembliesAndSetupDomain (351ms)
		LoadAssemblies (475ms)
		RebuildTransferFunctionScriptingTraits (0ms)
		AnalyzeDomain (21ms)
			TypeCache.Refresh (12ms)
				TypeCache.ScanAssembly (0ms)
			ScanForSourceGeneratedMonoScriptInfo (0ms)
			ResolveRequiredComponents (8ms)
	FinalizeReload (2188ms)
		ReleaseScriptCaches (0ms)
		RebuildScriptCaches (0ms)
		SetupLoadedEditorAssemblies (640ms)
			LogAssemblyErrors (0ms)
			InitializePlatformSupportModulesInManaged (10ms)
			SetLoadedEditorAssemblies (6ms)
			RefreshPlugins (0ms)
			BeforeProcessingInitializeOnLoad (108ms)
			ProcessInitializeOnLoadAttributes (479ms)
			ProcessInitializeOnLoadMethodAttributes (27ms)
			AfterProcessingInitializeOnLoad (9ms)
			EditorAssembliesLoaded (0ms)
		ExecutionOrderSort2 (0ms)
		AwakeInstancesAfterBackupRestoration (9ms)
Refreshing native plugins compatible for Editor in 4.50 ms, found 3 plugins.
Preloading 0 native plugins for Editor in 0.00 ms.
Unloading 3274 Unused Serialized files (Serialized files now loaded: 0)
Unloading 34 unused Assets / (1.3 MB). Loaded Objects now: 3859.
Memory consumption went from 138.6 MB to 137.3 MB.
Total: 4.625800 ms (FindLiveObjects: 0.627900 ms CreateObjectMapping: 0.305300 ms MarkObjects: 3.221400 ms  DeleteObjects: 0.466300 ms)

Prepare: number of updated asset objects reloaded= 0
AssetImportParameters requested are different than current active one (requested -> active):
  custom:container-demuxer-ogg: 62fdf1f143b41e24485cea50d1cbac27 -> 
  custom:video-decoder-ogg-theora: a1e56fd34408186e4bbccfd4996cb3dc -> 
  custom:framework-win-MediaFoundation: 216162199b28c13a410421893ffa2e32 -> 
  custom:CustomObjectIndexerAttribute: 756ad292c208cfabdd7b50bc23989ffe -> 
  custom:container-demuxer-webm: 4f35f7cbe854078d1ac9338744f61a02 -> 
  custom:container-muxer-webm: aa71ff27fc2769a1b78a27578f13a17b -> 
  custom:video-decoder-webm-vp8: 9c59270c3fd7afecdb556c50c9e8de78 -> 
  custom:SearchIndexIgnoredProperties: e643bd26f0fe6173181afceb89e7c659 -> 
  custom:AudioImporter_EditorPlatform: d09bf68614088b80899f8185d706f6e7 -> 
  custom:video-encoder-webm-vp8: eb34c28f22e8b96e1ab97ce403110664 -> 
  custom:audio-decoder-ogg-vorbis: bf7c407c2cedff20999df2af8eb42d56 -> 
  custom:audio-encoder-webm-vorbis: bf7c407c2cedff20999df2af8eb42d56 -> 
========================================================================
Received Import Request.
  Time since last request: 1094.518964 seconds.
  path: Assets/scripts/SCRIP/SistemaEconomia.cs
  artifactKey: Guid(51f9313eb73e1ae41ab047b29f79e5b0) Importer(815301076,1909f56bfc062723c751e8b465ee728b)
Start importing Assets/scripts/SCRIP/SistemaEconomia.cs using Guid(51f9313eb73e1ae41ab047b29f79e5b0) Importer(815301076,1909f56bfc062723c751e8b465ee728b)  -> (artifact id: 'df65ef58c4ef749098593d269ebc47ff') in 0.010350 seconds
Number of updated asset objects reloaded before import = 0
Number of asset objects unloaded after import = 0
========================================================================
Received Prepare
Begin MonoManager ReloadAssembly
Symbol file data-000002467B6A4500 doesn't match image C:\Users\3D Tarde\patthfindjordanadu\HeavenDefense-Main\heavendefense\Library\ScriptAssemblies\Unity.EditorCoroutines.Editor.dll
Symbol file LoadedFromMemory is not a mono symbol file
Symbol file data-000002467AFF0010 doesn't match image C:\Users\3D Tarde\patthfindjordanadu\HeavenDefense-Main\heavendefense\Library\ScriptAssemblies\Unity.PlasticSCM.Editor.dll
Symbol file LoadedFromMemory is not a mono symbol file
Symbol file data-000002467C3BB830 doesn't match image C:\Users\3D Tarde\patthfindjordanadu\HeavenDefense-Main\heavendefense\Library\ScriptAssemblies\Unity.Timeline.Editor.dll
Symbol file LoadedFromMemory is not a mono symbol file
Symbol file data-00000244C78D8EE0 doesn't match image C:\Users\3D Tarde\patthfindjordanadu\HeavenDefense-Main\heavendefense\Library\ScriptAssemblies\Unity.VisualScripting.Shared.Editor.dll
Symbol file LoadedFromMemory is not a mono symbol file
Symbol file data-00000244C7AC2C40 doesn't match image C:\Users\3D Tarde\patthfindjordanadu\HeavenDefense-Main\heavendefense\Library\ScriptAssemblies\Unity.CollabProxy.Editor.dll
Symbol file LoadedFromMemory is not a mono symbol file
Symbol file data-00000244C5A18020 doesn't match image C:\Users\3D Tarde\patthfindjordanadu\HeavenDefense-Main\heavendefense\Library\ScriptAssemblies\Unity.VisualStudio.Editor.dll
Symbol file LoadedFromMemory is not a mono symbol file
Symbol file data-00000244C7BBF010 doesn't match image C:\Users\3D Tarde\patthfindjordanadu\HeavenDefense-Main\heavendefense\Library\ScriptAssemblies\UnityEditor.UI.dll
Symbol file LoadedFromMemory is not a mono symbol file
Symbol file data-000002467E001040 doesn't match image C:\Users\3D Tarde\patthfindjordanadu\HeavenDefense-Main\heavendefense\Library\ScriptAssemblies\Unity.VisualScripting.Core.dll
Symbol file LoadedFromMemory is not a mono symbol file
Symbol file data-00000244C60BE020 doesn't match image C:\Users\3D Tarde\patthfindjordanadu\HeavenDefense-Main\heavendefense\Library\ScriptAssemblies\UnityEngine.UI.dll
Symbol file LoadedFromMemory is not a mono symbol file
Symbol file data-00000244C82D8090 doesn't match image C:\Users\3D Tarde\patthfindjordanadu\HeavenDefense-Main\heavendefense\Library\ScriptAssemblies\Unity.VisualScripting.Core.Editor.dll
Symbol file LoadedFromMemory is not a mono symbol file
Symbol file data-000002463712D040 doesn't match image C:\Users\3D Tarde\patthfindjordanadu\HeavenDefense-Main\heavendefense\Library\ScriptAssemblies\Unity.Rider.Editor.dll
Symbol file LoadedFromMemory is not a mono symbol file
Symbol file data-00000244C8336B20 doesn't match image C:\Users\3D Tarde\patthfindjordanadu\HeavenDefense-Main\heavendefense\Library\ScriptAssemblies\UnityEditor.TestRunner.dll
Symbol file LoadedFromMemory is not a mono symbol file
Symbol file data-00000244C81FF010 doesn't match image C:\Users\3D Tarde\patthfindjordanadu\HeavenDefense-Main\heavendefense\Library\ScriptAssemblies\Unity.VisualScripting.Flow.dll
Symbol file LoadedFromMemory is not a mono symbol file
Symbol file data-000002467DA7B010 doesn't match image C:\Users\3D Tarde\patthfindjordanadu\HeavenDefense-Main\heavendefense\Library\ScriptAssemblies\Unity.VisualScripting.Flow.Editor.dll
Symbol file LoadedFromMemory is not a mono symbol file
Symbol file data-00000244C6E296D0 doesn't match image C:\Users\3D Tarde\patthfindjordanadu\HeavenDefense-Main\heavendefense\Library\ScriptAssemblies\Unity.Timeline.dll
Symbol file LoadedFromMemory is not a mono symbol file
Symbol file data-000002467B06FE50 doesn't match image C:\Users\3D Tarde\patthfindjordanadu\HeavenDefense-Main\heavendefense\Library\ScriptAssemblies\Unity.TestTools.CodeCoverage.Editor.OpenCover.Mono.Reflection.dll
Symbol file LoadedFromMemory is not a mono symbol file
Symbol file data-00000244C6E3EB40 doesn't match image C:\Users\3D Tarde\patthfindjordanadu\HeavenDefense-Main\heavendefense\Library\ScriptAssemblies\Unity.VisualScripting.SettingsProvider.Editor.dll
Symbol file LoadedFromMemory is not a mono symbol file
Symbol file data-000002467DA7B010 doesn't match image C:\Users\3D Tarde\patthfindjordanadu\HeavenDefense-Main\heavendefense\Library\ScriptAssemblies\Unity.Performance.Profile-Analyzer.Editor.dll
Symbol file LoadedFromMemory is not a mono symbol file
Symbol file data-00000244C76CB100 doesn't match image C:\Users\3D Tarde\patthfindjordanadu\HeavenDefense-Main\heavendefense\Library\ScriptAssemblies\Unity.TestTools.CodeCoverage.Editor.dll
Symbol file LoadedFromMemory is not a mono symbol file
Symbol file data-00000246E2CCC010 doesn't match image C:\Users\3D Tarde\patthfindjordanadu\HeavenDefense-Main\heavendefense\Library\ScriptAssemblies\Unity.TestTools.CodeCoverage.Editor.OpenCover.Model.dll
Symbol file LoadedFromMemory is not a mono symbol file
Symbol file data-000002467A92A9C0 doesn't match image C:\Users\3D Tarde\patthfindjordanadu\HeavenDefense-Main\heavendefense\Library\ScriptAssemblies\UnityEngine.TestRunner.dll
Symbol file LoadedFromMemory is not a mono symbol file
Symbol file data-00000244C7BBF010 doesn't match image C:\Users\3D Tarde\patthfindjordanadu\HeavenDefense-Main\heavendefense\Library\ScriptAssemblies\Unity.VisualScripting.State.Editor.dll
Symbol file LoadedFromMemory is not a mono symbol file
Symbol file data-000002467CDFB050 doesn't match image C:\Users\3D Tarde\patthfindjordanadu\HeavenDefense-Main\heavendefense\Library\ScriptAssemblies\Unity.Settings.Editor.dll
Symbol file LoadedFromMemory is not a mono symbol file
Symbol file data-00000244C81FF010 doesn't match image C:\Users\3D Tarde\patthfindjordanadu\HeavenDefense-Main\heavendefense\Library\ScriptAssemblies\Unity.TextMeshPro.dll
Symbol file LoadedFromMemory is not a mono symbol file
Symbol file data-00000244C8592D60 doesn't match image C:\Users\3D Tarde\patthfindjordanadu\HeavenDefense-Main\heavendefense\Library\ScriptAssemblies\Unity.TextMeshPro.Editor.dll
Symbol file LoadedFromMemory is not a mono symbol file
Symbol file data-00000244C601A010 doesn't match image C:\Users\3D Tarde\patthfindjordanadu\HeavenDefense-Main\heavendefense\Library\ScriptAssemblies\Unity.VisualScripting.State.dll
Symbol file LoadedFromMemory is not a mono symbol file
Symbol file data-00000244C601A010 doesn't match image C:\Users\3D Tarde\patthfindjordanadu\HeavenDefense-Main\heavendefense\Library\ScriptAssemblies\Unity.VSCode.Editor.dll
Symbol file LoadedFromMemory is not a mono symbol file
- Loaded All Assemblies, in  0.549 seconds
Refreshing native plugins compatible for Editor in 2.81 ms, found 3 plugins.
Native extension for WindowsStandalone target not found
Native extension for WebGL target not found
[Package Manager] Server::EnsureServerProcessIsRunning -- launch failed, reason: Unity was launched with the -noUpm command-line argument
[Package Manager] UpmClient::Send -- Unable to send message (not connected to UPM process).
[Package Manager] Cannot connect to Unity Package Manager local server
Mono: successfully reloaded assembly
- Finished resetting the current domain, in  1.398 seconds
Domain Reload Profiling: 1944ms
	BeginReloadAssembly (182ms)
		ExecutionOrderSort (0ms)
		DisableScriptedObjects (7ms)
		BackupInstance (0ms)
		ReleaseScriptingObjects (0ms)
		CreateAndSetChildDomain (33ms)
	RebuildCommonClasses (38ms)
	RebuildNativeTypeToScriptingClass (11ms)
	initialDomainReloadingComplete (31ms)
	LoadAllAssembliesAndSetupDomain (284ms)
		LoadAssemblies (371ms)
		RebuildTransferFunctionScriptingTraits (0ms)
		AnalyzeDomain (22ms)
			TypeCache.Refresh (10ms)
				TypeCache.ScanAssembly (1ms)
			ScanForSourceGeneratedMonoScriptInfo (7ms)
			ResolveRequiredComponents (5ms)
	FinalizeReload (1398ms)
		ReleaseScriptCaches (0ms)
		RebuildScriptCaches (0ms)
		SetupLoadedEditorAssemblies (433ms)
			LogAssemblyErrors (0ms)
			InitializePlatformSupportModulesInManaged (7ms)
			SetLoadedEditorAssemblies (4ms)
			RefreshPlugins (0ms)
			BeforeProcessingInitializeOnLoad (67ms)
			ProcessInitializeOnLoadAttributes (329ms)
			ProcessInitializeOnLoadMethodAttributes (18ms)
			AfterProcessingInitializeOnLoad (8ms)
			EditorAssembliesLoaded (0ms)
		ExecutionOrderSort2 (0ms)
		AwakeInstancesAfterBackupRestoration (6ms)
Refreshing native plugins compatible for Editor in 3.27 ms, found 3 plugins.
Preloading 0 native plugins for Editor in 0.00 ms.
Unloading 3273 Unused Serialized files (Serialized files now loaded: 0)
Unloading 34 unused Assets / (1.3 MB). Loaded Objects now: 3862.
Memory consumption went from 138.3 MB to 137.1 MB.
Total: 3.298300 ms (FindLiveObjects: 0.367100 ms CreateObjectMapping: 0.265400 ms MarkObjects: 2.363300 ms  DeleteObjects: 0.301200 ms)

Prepare: number of updated asset objects reloaded= 0
AssetImportParameters requested are different than current active one (requested -> active):
  custom:container-demuxer-ogg: 62fdf1f143b41e24485cea50d1cbac27 -> 
  custom:video-decoder-ogg-theora: a1e56fd34408186e4bbccfd4996cb3dc -> 
  custom:framework-win-MediaFoundation: 216162199b28c13a410421893ffa2e32 -> 
  custom:CustomObjectIndexerAttribute: 756ad292c208cfabdd7b50bc23989ffe -> 
  custom:container-demuxer-webm: 4f35f7cbe854078d1ac9338744f61a02 -> 
  custom:container-muxer-webm: aa71ff27fc2769a1b78a27578f13a17b -> 
  custom:video-decoder-webm-vp8: 9c59270c3fd7afecdb556c50c9e8de78 -> 
  custom:SearchIndexIgnoredProperties: e643bd26f0fe6173181afceb89e7c659 -> 
  custom:AudioImporter_EditorPlatform: d09bf68614088b80899f8185d706f6e7 -> 
  custom:video-encoder-webm-vp8: eb34c28f22e8b96e1ab97ce403110664 -> 
  custom:audio-decoder-ogg-vorbis: bf7c407c2cedff20999df2af8eb42d56 -> 
  custom:audio-encoder-webm-vorbis: bf7c407c2cedff20999df2af8eb42d56 -> 
========================================================================
Received Import Request.
  Time since last request: 254.027554 seconds.
  path: Assets/scripts/SCRIP/SistemaJuego.cs
  artifactKey: Guid(d13cb0e72c3d91846850215ad857e0cf) Importer(815301076,1909f56bfc062723c751e8b465ee728b)
Start importing Assets/scripts/SCRIP/SistemaJuego.cs using Guid(d13cb0e72c3d91846850215ad857e0cf) Importer(815301076,1909f56bfc062723c751e8b465ee728b)  -> (artifact id: '50e076d30b27b846a488231a7bd18db9') in 0.004345 seconds
Number of updated asset objects reloaded before import = 0
Number of asset objects unloaded after import = 0
========================================================================
Received Import Request.
  Time since last request: 23.665049 seconds.
  path: Assets/scripts/SCRIP/SistemaJuego.cs
  artifactKey: Guid(d13cb0e72c3d91846850215ad857e0cf) Importer(815301076,1909f56bfc062723c751e8b465ee728b)
Start importing Assets/scripts/SCRIP/SistemaJuego.cs using Guid(d13cb0e72c3d91846850215ad857e0cf) Importer(815301076,1909f56bfc062723c751e8b465ee728b)  -> (artifact id: 'a33b67e5d0bc0931030673b8eed213e3') in 0.000466 seconds
Number of updated asset objects reloaded before import = 0
Number of asset objects unloaded after import = 0
========================================================================
Received Prepare
Begin MonoManager ReloadAssembly
Symbol file data-00000246E38C8550 doesn't match image C:\Users\3D Tarde\patthfindjordanadu\HeavenDefense-Main\heavendefense\Library\ScriptAssemblies\Unity.EditorCoroutines.Editor.dll
Symbol file LoadedFromMemory is not a mono symbol file
Symbol file data-000002467C53A010 doesn't match image C:\Users\3D Tarde\patthfindjordanadu\HeavenDefense-Main\heavendefense\Library\ScriptAssemblies\Unity.PlasticSCM.Editor.dll
Symbol file LoadedFromMemory is not a mono symbol file
Symbol file data-000002467C3BB830 doesn't match image C:\Users\3D Tarde\patthfindjordanadu\HeavenDefense-Main\heavendefense\Library\ScriptAssemblies\Unity.Timeline.Editor.dll
Symbol file LoadedFromMemory is not a mono symbol file
Symbol file data-00000244C6F0A220 doesn't match image C:\Users\3D Tarde\patthfindjordanadu\HeavenDefense-Main\heavendefense\Library\ScriptAssemblies\Unity.VisualScripting.Shared.Editor.dll
Symbol file LoadedFromMemory is not a mono symbol file
Symbol file data-000002467D9A8900 doesn't match image C:\Users\3D Tarde\patthfindjordanadu\HeavenDefense-Main\heavendefense\Library\ScriptAssemblies\Unity.CollabProxy.Editor.dll
Symbol file LoadedFromMemory is not a mono symbol file
Symbol file data-00000246E34F1020 doesn't match image C:\Users\3D Tarde\patthfindjordanadu\HeavenDefense-Main\heavendefense\Library\ScriptAssemblies\Unity.VisualStudio.Editor.dll
Symbol file LoadedFromMemory is not a mono symbol file
Symbol file data-00000246E4556540 doesn't match image C:\Users\3D Tarde\patthfindjordanadu\HeavenDefense-Main\heavendefense\Library\ScriptAssemblies\UnityEditor.UI.dll
Symbol file LoadedFromMemory is not a mono symbol file
Symbol file data-00000244C6CCB360 doesn't match image C:\Users\3D Tarde\patthfindjordanadu\HeavenDefense-Main\heavendefense\Library\ScriptAssemblies\Unity.VisualScripting.Core.dll
Symbol file LoadedFromMemory is not a mono symbol file
Symbol file data-00000244C7A21020 doesn't match image C:\Users\3D Tarde\patthfindjordanadu\HeavenDefense-Main\heavendefense\Library\ScriptAssemblies\UnityEngine.UI.dll
Symbol file LoadedFromMemory is not a mono symbol file
Symbol file data-00000244C82D8090 doesn't match image C:\Users\3D Tarde\patthfindjordanadu\HeavenDefense-Main\heavendefense\Library\ScriptAssemblies\Unity.VisualScripting.Core.Editor.dll
Symbol file LoadedFromMemory is not a mono symbol file
Symbol file data-000002467B4B9030 doesn't match image C:\Users\3D Tarde\patthfindjordanadu\HeavenDefense-Main\heavendefense\Library\ScriptAssemblies\Unity.Rider.Editor.dll
Symbol file LoadedFromMemory is not a mono symbol file
Symbol file data-000002467CE4B010 doesn't match image C:\Users\3D Tarde\patthfindjordanadu\HeavenDefense-Main\heavendefense\Library\ScriptAssemblies\UnityEditor.TestRunner.dll
Symbol file LoadedFromMemory is not a mono symbol file
Symbol file data-00000244C7ADA4E0 doesn't match image C:\Users\3D Tarde\patthfindjordanadu\HeavenDefense-Main\heavendefense\Library\ScriptAssemblies\Unity.VisualScripting.Flow.dll
Symbol file LoadedFromMemory is not a mono symbol file
Symbol file data-00000246E3E843F0 doesn't match image C:\Users\3D Tarde\patthfindjordanadu\HeavenDefense-Main\heavendefense\Library\ScriptAssemblies\Unity.VisualScripting.Flow.Editor.dll
Symbol file LoadedFromMemory is not a mono symbol file
Symbol file data-00000244C78AC300 doesn't match image C:\Users\3D Tarde\patthfindjordanadu\HeavenDefense-Main\heavendefense\Library\ScriptAssemblies\Unity.Timeline.dll
Symbol file LoadedFromMemory is not a mono symbol file
Symbol file data-00000244C6F0A220 doesn't match image C:\Users\3D Tarde\patthfindjordanadu\HeavenDefense-Main\heavendefense\Library\ScriptAssemblies\Unity.TestTools.CodeCoverage.Editor.OpenCover.Mono.Reflection.dll
Symbol file LoadedFromMemory is not a mono symbol file
Symbol file data-00000244C5A8C010 doesn't match image C:\Users\3D Tarde\patthfindjordanadu\HeavenDefense-Main\heavendefense\Library\ScriptAssemblies\Unity.VisualScripting.SettingsProvider.Editor.dll
Symbol file LoadedFromMemory is not a mono symbol file
Symbol file data-00000246E3E843F0 doesn't match image C:\Users\3D Tarde\patthfindjordanadu\HeavenDefense-Main\heavendefense\Library\ScriptAssemblies\Unity.Performance.Profile-Analyzer.Editor.dll
Symbol file LoadedFromMemory is not a mono symbol file
Symbol file data-00000246E4178220 doesn't match image C:\Users\3D Tarde\patthfindjordanadu\HeavenDefense-Main\heavendefense\Library\ScriptAssemblies\Unity.TestTools.CodeCoverage.Editor.dll
Symbol file LoadedFromMemory is not a mono symbol file
Symbol file data-000002467B39B040 doesn't match image C:\Users\3D Tarde\patthfindjordanadu\HeavenDefense-Main\heavendefense\Library\ScriptAssemblies\Unity.TestTools.CodeCoverage.Editor.OpenCover.Model.dll
Symbol file LoadedFromMemory is not a mono symbol file
Symbol file data-000002467A92A9C0 doesn't match image C:\Users\3D Tarde\patthfindjordanadu\HeavenDefense-Main\heavendefense\Library\ScriptAssemblies\UnityEngine.TestRunner.dll
Symbol file LoadedFromMemory is not a mono symbol file
Symbol file data-00000246E4556540 doesn't match image C:\Users\3D Tarde\patthfindjordanadu\HeavenDefense-Main\heavendefense\Library\ScriptAssemblies\Unity.VisualScripting.State.Editor.dll
Symbol file LoadedFromMemory is not a mono symbol file
Symbol file data-000002467B39B040 doesn't match image C:\Users\3D Tarde\patthfindjordanadu\HeavenDefense-Main\heavendefense\Library\ScriptAssemblies\Unity.Settings.Editor.dll
Symbol file LoadedFromMemory is not a mono symbol file
Symbol file data-00000244C7ADA4E0 doesn't match image C:\Users\3D Tarde\patthfindjordanadu\HeavenDefense-Main\heavendefense\Library\ScriptAssemblies\Unity.TextMeshPro.dll
Symbol file LoadedFromMemory is not a mono symbol file
Symbol file data-00000244C840FA90 doesn't match image C:\Users\3D Tarde\patthfindjordanadu\HeavenDefense-Main\heavendefense\Library\ScriptAssemblies\Unity.TextMeshPro.Editor.dll
Symbol file LoadedFromMemory is not a mono symbol file
Symbol file data-00000246E440B030 doesn't match image C:\Users\3D Tarde\patthfindjordanadu\HeavenDefense-Main\heavendefense\Library\ScriptAssemblies\Unity.VisualScripting.State.dll
Symbol file LoadedFromMemory is not a mono symbol file
Symbol file data-00000246E440B030 doesn't match image C:\Users\3D Tarde\patthfindjordanadu\HeavenDefense-Main\heavendefense\Library\ScriptAssemblies\Unity.VSCode.Editor.dll
Symbol file LoadedFromMemory is not a mono symbol file
- Loaded All Assemblies, in  0.472 seconds
Refreshing native plugins compatible for Editor in 2.76 ms, found 3 plugins.
Native extension for WindowsStandalone target not found
Native extension for WebGL target not found
[Package Manager] Server::EnsureServerProcessIsRunning -- launch failed, reason: Unity was launched with the -noUpm command-line argument
[Package Manager] UpmClient::Send -- Unable to send message (not connected to UPM process).
[Package Manager] Cannot connect to Unity Package Manager local server
Mono: successfully reloaded assembly
- Finished resetting the current domain, in  0.893 seconds
Domain Reload Profiling: 1363ms
	BeginReloadAssembly (156ms)
		ExecutionOrderSort (0ms)
		DisableScriptedObjects (5ms)
		BackupInstance (0ms)
		ReleaseScriptingObjects (0ms)
		CreateAndSetChildDomain (36ms)
	RebuildCommonClasses (37ms)
	RebuildNativeTypeToScriptingClass (12ms)
	initialDomainReloadingComplete (28ms)
	LoadAllAssembliesAndSetupDomain (235ms)
		LoadAssemblies (297ms)
		RebuildTransferFunctionScriptingTraits (0ms)
		AnalyzeDomain (21ms)
			TypeCache.Refresh (9ms)
				TypeCache.ScanAssembly (1ms)
			ScanForSourceGeneratedMonoScriptInfo (6ms)
			ResolveRequiredComponents (5ms)
	FinalizeReload (894ms)
		ReleaseScriptCaches (0ms)
		RebuildScriptCaches (0ms)
		SetupLoadedEditorAssemblies (431ms)
			LogAssemblyErrors (0ms)
			InitializePlatformSupportModulesInManaged (7ms)
			SetLoadedEditorAssemblies (4ms)
			RefreshPlugins (0ms)
			BeforeProcessingInitializeOnLoad (71ms)
			ProcessInitializeOnLoadAttributes (324ms)
			ProcessInitializeOnLoadMethodAttributes (18ms)
			AfterProcessingInitializeOnLoad (7ms)
			EditorAssembliesLoaded (0ms)
		ExecutionOrderSort2 (0ms)
		AwakeInstancesAfterBackupRestoration (6ms)
Refreshing native plugins compatible for Editor in 2.61 ms, found 3 plugins.
Preloading 0 native plugins for Editor in 0.00 ms.
Unloading 3273 Unused Serialized files (Serialized files now loaded: 0)
Unloading 34 unused Assets / (1.3 MB). Loaded Objects now: 3865.
Memory consumption went from 138.3 MB to 137.1 MB.
Total: 2.977100 ms (FindLiveObjects: 0.247800 ms CreateObjectMapping: 0.196800 ms MarkObjects: 2.271400 ms  DeleteObjects: 0.260000 ms)

Prepare: number of updated asset objects reloaded= 0
AssetImportParameters requested are different than current active one (requested -> active):
  custom:container-demuxer-ogg: 62fdf1f143b41e24485cea50d1cbac27 -> 
  custom:video-decoder-ogg-theora: a1e56fd34408186e4bbccfd4996cb3dc -> 
  custom:framework-win-MediaFoundation: 216162199b28c13a410421893ffa2e32 -> 
  custom:CustomObjectIndexerAttribute: 756ad292c208cfabdd7b50bc23989ffe -> 
  custom:container-demuxer-webm: 4f35f7cbe854078d1ac9338744f61a02 -> 
  custom:container-muxer-webm: aa71ff27fc2769a1b78a27578f13a17b -> 
  custom:video-decoder-webm-vp8: 9c59270c3fd7afecdb556c50c9e8de78 -> 
  custom:SearchIndexIgnoredProperties: e643bd26f0fe6173181afceb89e7c659 -> 
  custom:AudioImporter_EditorPlatform: d09bf68614088b80899f8185d706f6e7 -> 
  custom:video-encoder-webm-vp8: eb34c28f22e8b96e1ab97ce403110664 -> 
  custom:audio-decoder-ogg-vorbis: bf7c407c2cedff20999df2af8eb42d56 -> 
  custom:audio-encoder-webm-vorbis: bf7c407c2cedff20999df2af8eb42d56 -> 
========================================================================
Received Prepare
Begin MonoManager ReloadAssembly
Symbol file data-00000246E4616F00 doesn't match image C:\Users\3D Tarde\patthfindjordanadu\HeavenDefense-Main\heavendefense\Library\ScriptAssemblies\Unity.EditorCoroutines.Editor.dll
Symbol file LoadedFromMemory is not a mono symbol file
Symbol file data-00000244C6910080 doesn't match image C:\Users\3D Tarde\patthfindjordanadu\HeavenDefense-Main\heavendefense\Library\ScriptAssemblies\Unity.PlasticSCM.Editor.dll
Symbol file LoadedFromMemory is not a mono symbol file
Symbol file data-000002467C3BB830 doesn't match image C:\Users\3D Tarde\patthfindjordanadu\HeavenDefense-Main\heavendefense\Library\ScriptAssemblies\Unity.Timeline.Editor.dll
Symbol file LoadedFromMemory is not a mono symbol file
Symbol file data-00000246E4BC98C0 doesn't match image C:\Users\3D Tarde\patthfindjordanadu\HeavenDefense-Main\heavendefense\Library\ScriptAssemblies\Unity.VisualScripting.Shared.Editor.dll
Symbol file LoadedFromMemory is not a mono symbol file
Symbol file data-000002467A948730 doesn't match image C:\Users\3D Tarde\patthfindjordanadu\HeavenDefense-Main\heavendefense\Library\ScriptAssemblies\Unity.CollabProxy.Editor.dll
Symbol file LoadedFromMemory is not a mono symbol file
Symbol file data-00000246E47D4020 doesn't match image C:\Users\3D Tarde\patthfindjordanadu\HeavenDefense-Main\heavendefense\Library\ScriptAssemblies\Unity.VisualStudio.Editor.dll
Symbol file LoadedFromMemory is not a mono symbol file
Symbol file data-000002467AC63010 doesn't match image C:\Users\3D Tarde\patthfindjordanadu\HeavenDefense-Main\heavendefense\Library\ScriptAssemblies\UnityEditor.UI.dll
Symbol file LoadedFromMemory is not a mono symbol file
Symbol file data-00000244C6CCB360 doesn't match image C:\Users\3D Tarde\patthfindjordanadu\HeavenDefense-Main\heavendefense\Library\ScriptAssemblies\Unity.VisualScripting.Core.dll
Symbol file LoadedFromMemory is not a mono symbol file
Symbol file data-00000246E464D010 doesn't match image C:\Users\3D Tarde\patthfindjordanadu\HeavenDefense-Main\heavendefense\Library\ScriptAssemblies\UnityEngine.UI.dll
Symbol file LoadedFromMemory is not a mono symbol file
Symbol file data-00000244C5AA4010 doesn't match image C:\Users\3D Tarde\patthfindjordanadu\HeavenDefense-Main\heavendefense\Library\ScriptAssemblies\Unity.VisualScripting.Core.Editor.dll
Symbol file LoadedFromMemory is not a mono symbol file
Symbol file data-00000246E4449DB0 doesn't match image C:\Users\3D Tarde\patthfindjordanadu\HeavenDefense-Main\heavendefense\Library\ScriptAssemblies\Unity.Rider.Editor.dll
Symbol file LoadedFromMemory is not a mono symbol file
Symbol file data-000002467B49B030 doesn't match image C:\Users\3D Tarde\patthfindjordanadu\HeavenDefense-Main\heavendefense\Library\ScriptAssemblies\UnityEditor.TestRunner.dll
Symbol file LoadedFromMemory is not a mono symbol file
Symbol file data-00000244C83D8020 doesn't match image C:\Users\3D Tarde\patthfindjordanadu\HeavenDefense-Main\heavendefense\Library\ScriptAssemblies\Unity.VisualScripting.Flow.dll
Symbol file LoadedFromMemory is not a mono symbol file
Symbol file data-000002467DEB5050 doesn't match image C:\Users\3D Tarde\patthfindjordanadu\HeavenDefense-Main\heavendefense\Library\ScriptAssemblies\Unity.VisualScripting.Flow.Editor.dll
Symbol file LoadedFromMemory is not a mono symbol file
Symbol file data-00000244C78AC300 doesn't match image C:\Users\3D Tarde\patthfindjordanadu\HeavenDefense-Main\heavendefense\Library\ScriptAssemblies\Unity.Timeline.dll
Symbol file LoadedFromMemory is not a mono symbol file
Symbol file data-00000246E4BC98C0 doesn't match image C:\Users\3D Tarde\patthfindjordanadu\HeavenDefense-Main\heavendefense\Library\ScriptAssemblies\Unity.TestTools.CodeCoverage.Editor.OpenCover.Mono.Reflection.dll
Symbol file LoadedFromMemory is not a mono symbol file
Symbol file data-00000246E4BC98C0 doesn't match image C:\Users\3D Tarde\patthfindjordanadu\HeavenDefense-Main\heavendefense\Library\ScriptAssemblies\Unity.VisualScripting.SettingsProvider.Editor.dll
Symbol file LoadedFromMemory is not a mono symbol file
Symbol file data-000002467DEB5050 doesn't match image C:\Users\3D Tarde\patthfindjordanadu\HeavenDefense-Main\heavendefense\Library\ScriptAssemblies\Unity.Performance.Profile-Analyzer.Editor.dll
Symbol file LoadedFromMemory is not a mono symbol file
Symbol file data-00000246E47D4020 doesn't match image C:\Users\3D Tarde\patthfindjordanadu\HeavenDefense-Main\heavendefense\Library\ScriptAssemblies\Unity.TestTools.CodeCoverage.Editor.dll
Symbol file LoadedFromMemory is not a mono symbol file
Symbol file data-00000244C87B6030 doesn't match image C:\Users\3D Tarde\patthfindjordanadu\HeavenDefense-Main\heavendefense\Library\ScriptAssemblies\Unity.TestTools.CodeCoverage.Editor.OpenCover.Model.dll
Symbol file LoadedFromMemory is not a mono symbol file
Symbol file data-000002467A92A9C0 doesn't match image C:\Users\3D Tarde\patthfindjordanadu\HeavenDefense-Main\heavendefense\Library\ScriptAssemblies\UnityEngine.TestRunner.dll
Symbol file LoadedFromMemory is not a mono symbol file
Symbol file data-000002467AC63010 doesn't match image C:\Users\3D Tarde\patthfindjordanadu\HeavenDefense-Main\heavendefense\Library\ScriptAssemblies\Unity.VisualScripting.State.Editor.dll
Symbol file LoadedFromMemory is not a mono symbol file
Symbol file data-00000244C87B6030 doesn't match image C:\Users\3D Tarde\patthfindjordanadu\HeavenDefense-Main\heavendefense\Library\ScriptAssemblies\Unity.Settings.Editor.dll
Symbol file LoadedFromMemory is not a mono symbol file
Symbol file data-00000244C7ADA4E0 doesn't match image C:\Users\3D Tarde\patthfindjordanadu\HeavenDefense-Main\heavendefense\Library\ScriptAssemblies\Unity.TextMeshPro.dll
Symbol file LoadedFromMemory is not a mono symbol file
Symbol file data-00000244C840FA90 doesn't match image C:\Users\3D Tarde\patthfindjordanadu\HeavenDefense-Main\heavendefense\Library\ScriptAssemblies\Unity.TextMeshPro.Editor.dll
Symbol file LoadedFromMemory is not a mono symbol file
Symbol file data-000002467B39B040 doesn't match image C:\Users\3D Tarde\patthfindjordanadu\HeavenDefense-Main\heavendefense\Library\ScriptAssemblies\Unity.VisualScripting.State.dll
Symbol file LoadedFromMemory is not a mono symbol file
Symbol file data-000002467B39B040 doesn't match image C:\Users\3D Tarde\patthfindjordanadu\HeavenDefense-Main\heavendefense\Library\ScriptAssemblies\Unity.VSCode.Editor.dll
Symbol file LoadedFromMemory is not a mono symbol file
- Loaded All Assemblies, in  0.436 seconds
Refreshing native plugins compatible for Editor in 2.55 ms, found 3 plugins.
Native extension for WindowsStandalone target not found
Native extension for WebGL target not found
[Package Manager] Server::EnsureServerProcessIsRunning -- launch failed, reason: Unity was launched with the -noUpm command-line argument
[Package Manager] UpmClient::Send -- Unable to send message (not connected to UPM process).
[Package Manager] Cannot connect to Unity Package Manager local server
Mono: successfully reloaded assembly
- Finished resetting the current domain, in  0.935 seconds
Domain Reload Profiling: 1368ms
	BeginReloadAssembly (148ms)
		ExecutionOrderSort (0ms)
		DisableScriptedObjects (5ms)
		BackupInstance (0ms)
		ReleaseScriptingObjects (0ms)
		CreateAndSetChildDomain (31ms)
	RebuildCommonClasses (37ms)
	RebuildNativeTypeToScriptingClass (11ms)
	initialDomainReloadingComplete (29ms)
	LoadAllAssembliesAndSetupDomain (208ms)
		LoadAssemblies (275ms)
		RebuildTransferFunctionScriptingTraits (0ms)
		AnalyzeDomain (13ms)
			TypeCache.Refresh (7ms)
				TypeCache.ScanAssembly (0ms)
			ScanForSourceGeneratedMonoScriptInfo (0ms)
			ResolveRequiredComponents (5ms)
	FinalizeReload (935ms)
		ReleaseScriptCaches (0ms)
		RebuildScriptCaches (0ms)
		SetupLoadedEditorAssemblies (476ms)
			LogAssemblyErrors (0ms)
			InitializePlatformSupportModulesInManaged (8ms)
			SetLoadedEditorAssemblies (5ms)
			RefreshPlugins (0ms)
			BeforeProcessingInitializeOnLoad (67ms)
			ProcessInitializeOnLoadAttributes (367ms)
			ProcessInitializeOnLoadMethodAttributes (20ms)
			AfterProcessingInitializeOnLoad (8ms)
			EditorAssembliesLoaded (0ms)
		ExecutionOrderSort2 (0ms)
		AwakeInstancesAfterBackupRestoration (8ms)
Refreshing native plugins compatible for Editor in 2.77 ms, found 3 plugins.
Preloading 0 native plugins for Editor in 0.00 ms.
Unloading 3274 Unused Serialized files (Serialized files now loaded: 0)
Unloading 34 unused Assets / (1.3 MB). Loaded Objects now: 3868.
Memory consumption went from 138.6 MB to 137.3 MB.
Total: 3.448700 ms (FindLiveObjects: 0.346400 ms CreateObjectMapping: 0.316900 ms MarkObjects: 2.501700 ms  DeleteObjects: 0.283000 ms)

Prepare: number of updated asset objects reloaded= 0
AssetImportParameters requested are different than current active one (requested -> active):
  custom:container-demuxer-ogg: 62fdf1f143b41e24485cea50d1cbac27 -> 
  custom:video-decoder-ogg-theora: a1e56fd34408186e4bbccfd4996cb3dc -> 
  custom:framework-win-MediaFoundation: 216162199b28c13a410421893ffa2e32 -> 
  custom:CustomObjectIndexerAttribute: 756ad292c208cfabdd7b50bc23989ffe -> 
  custom:container-demuxer-webm: 4f35f7cbe854078d1ac9338744f61a02 -> 
  custom:container-muxer-webm: aa71ff27fc2769a1b78a27578f13a17b -> 
  custom:video-decoder-webm-vp8: 9c59270c3fd7afecdb556c50c9e8de78 -> 
  custom:SearchIndexIgnoredProperties: e643bd26f0fe6173181afceb89e7c659 -> 
  custom:AudioImporter_EditorPlatform: d09bf68614088b80899f8185d706f6e7 -> 
  custom:video-encoder-webm-vp8: eb34c28f22e8b96e1ab97ce403110664 -> 
  custom:audio-decoder-ogg-vorbis: bf7c407c2cedff20999df2af8eb42d56 -> 
  custom:audio-encoder-webm-vorbis: bf7c407c2cedff20999df2af8eb42d56 -> 
========================================================================
Received Prepare
Begin MonoManager ReloadAssembly
Symbol file data-000002467CDFB050 doesn't match image C:\Users\3D Tarde\patthfindjordanadu\HeavenDefense-Main\heavendefense\Library\ScriptAssemblies\Unity.EditorCoroutines.Editor.dll
Symbol file LoadedFromMemory is not a mono symbol file
Symbol file data-00000244C6D5D490 doesn't match image C:\Users\3D Tarde\patthfindjordanadu\HeavenDefense-Main\heavendefense\Library\ScriptAssemblies\Unity.PlasticSCM.Editor.dll
Symbol file LoadedFromMemory is not a mono symbol file
Symbol file data-000002467C3BB830 doesn't match image C:\Users\3D Tarde\patthfindjordanadu\HeavenDefense-Main\heavendefense\Library\ScriptAssemblies\Unity.Timeline.Editor.dll
Symbol file LoadedFromMemory is not a mono symbol file
Symbol file data-000002467A97C040 doesn't match image C:\Users\3D Tarde\patthfindjordanadu\HeavenDefense-Main\heavendefense\Library\ScriptAssemblies\Unity.VisualScripting.Shared.Editor.dll
Symbol file LoadedFromMemory is not a mono symbol file
Symbol file data-00000244C76F0130 doesn't match image C:\Users\3D Tarde\patthfindjordanadu\HeavenDefense-Main\heavendefense\Library\ScriptAssemblies\Unity.CollabProxy.Editor.dll
Symbol file LoadedFromMemory is not a mono symbol file
Symbol file data-00000246E34F1020 doesn't match image C:\Users\3D Tarde\patthfindjordanadu\HeavenDefense-Main\heavendefense\Library\ScriptAssemblies\Unity.VisualStudio.Editor.dll
Symbol file LoadedFromMemory is not a mono symbol file
Symbol file data-000002467AC63010 doesn't match image C:\Users\3D Tarde\patthfindjordanadu\HeavenDefense-Main\heavendefense\Library\ScriptAssemblies\UnityEditor.UI.dll
Symbol file LoadedFromMemory is not a mono symbol file
Symbol file data-00000244C822F350 doesn't match image C:\Users\3D Tarde\patthfindjordanadu\HeavenDefense-Main\heavendefense\Library\ScriptAssemblies\Unity.VisualScripting.Core.dll
Symbol file LoadedFromMemory is not a mono symbol file
Symbol file data-00000246E39FD0D0 doesn't match image C:\Users\3D Tarde\patthfindjordanadu\HeavenDefense-Main\heavendefense\Library\ScriptAssemblies\UnityEngine.UI.dll
Symbol file LoadedFromMemory is not a mono symbol file
Symbol file data-00000244C5AA4010 doesn't match image C:\Users\3D Tarde\patthfindjordanadu\HeavenDefense-Main\heavendefense\Library\ScriptAssemblies\Unity.VisualScripting.Core.Editor.dll
Symbol file LoadedFromMemory is not a mono symbol file
Symbol file data-00000246E4449DB0 doesn't match image C:\Users\3D Tarde\patthfindjordanadu\HeavenDefense-Main\heavendefense\Library\ScriptAssemblies\Unity.Rider.Editor.dll
Symbol file LoadedFromMemory is not a mono symbol file
Symbol file data-000002467CE4B010 doesn't match image C:\Users\3D Tarde\patthfindjordanadu\HeavenDefense-Main\heavendefense\Library\ScriptAssemblies\UnityEditor.TestRunner.dll
Symbol file LoadedFromMemory is not a mono symbol file
Symbol file data-000002467C580030 doesn't match image C:\Users\3D Tarde\patthfindjordanadu\HeavenDefense-Main\heavendefense\Library\ScriptAssemblies\Unity.VisualScripting.Flow.dll
Symbol file LoadedFromMemory is not a mono symbol file
Symbol file data-000002467B47B020 doesn't match image C:\Users\3D Tarde\patthfindjordanadu\HeavenDefense-Main\heavendefense\Library\ScriptAssemblies\Unity.VisualScripting.Flow.Editor.dll
Symbol file LoadedFromMemory is not a mono symbol file
Symbol file data-00000244C78AC300 doesn't match image C:\Users\3D Tarde\patthfindjordanadu\HeavenDefense-Main\heavendefense\Library\ScriptAssemblies\Unity.Timeline.dll
Symbol file LoadedFromMemory is not a mono symbol file
Symbol file data-00000244C76F0130 doesn't match image C:\Users\3D Tarde\patthfindjordanadu\HeavenDefense-Main\heavendefense\Library\ScriptAssemblies\Unity.TestTools.CodeCoverage.Editor.OpenCover.Mono.Reflection.dll
Symbol file LoadedFromMemory is not a mono symbol file
Symbol file data-00000246E3A9F030 doesn't match image C:\Users\3D Tarde\patthfindjordanadu\HeavenDefense-Main\heavendefense\Library\ScriptAssemblies\Unity.VisualScripting.SettingsProvider.Editor.dll
Symbol file LoadedFromMemory is not a mono symbol file
Symbol file data-000002467B47B020 doesn't match image C:\Users\3D Tarde\patthfindjordanadu\HeavenDefense-Main\heavendefense\Library\ScriptAssemblies\Unity.Performance.Profile-Analyzer.Editor.dll
Symbol file LoadedFromMemory is not a mono symbol file
Symbol file data-00000246E34F1020 doesn't match image C:\Users\3D Tarde\patthfindjordanadu\HeavenDefense-Main\heavendefense\Library\ScriptAssemblies\Unity.TestTools.CodeCoverage.Editor.dll
Symbol file LoadedFromMemory is not a mono symbol file
Symbol file data-00000244C6D3D400 doesn't match image C:\Users\3D Tarde\patthfindjordanadu\HeavenDefense-Main\heavendefense\Library\ScriptAssemblies\Unity.TestTools.CodeCoverage.Editor.OpenCover.Model.dll
Symbol file LoadedFromMemory is not a mono symbol file
Symbol file data-00000244C5C65040 doesn't match image C:\Users\3D Tarde\patthfindjordanadu\HeavenDefense-Main\heavendefense\Library\ScriptAssemblies\UnityEngine.TestRunner.dll
Symbol file LoadedFromMemory is not a mono symbol file
Symbol file data-000002467AC63010 doesn't match image C:\Users\3D Tarde\patthfindjordanadu\HeavenDefense-Main\heavendefense\Library\ScriptAssemblies\Unity.VisualScripting.State.Editor.dll
Symbol file LoadedFromMemory is not a mono symbol file
Symbol file data-0000024637087010 doesn't match image C:\Users\3D Tarde\patthfindjordanadu\HeavenDefense-Main\heavendefense\Library\ScriptAssemblies\Unity.Settings.Editor.dll
Symbol file LoadedFromMemory is not a mono symbol file
Symbol file data-00000244C7ADA4E0 doesn't match image C:\Users\3D Tarde\patthfindjordanadu\HeavenDefense-Main\heavendefense\Library\ScriptAssemblies\Unity.TextMeshPro.dll
Symbol file LoadedFromMemory is not a mono symbol file
Symbol file data-00000246E449A6E0 doesn't match image C:\Users\3D Tarde\patthfindjordanadu\HeavenDefense-Main\heavendefense\Library\ScriptAssemblies\Unity.TextMeshPro.Editor.dll
Symbol file LoadedFromMemory is not a mono symbol file
Symbol file data-000002467DBD3020 doesn't match image C:\Users\3D Tarde\patthfindjordanadu\HeavenDefense-Main\heavendefense\Library\ScriptAssemblies\Unity.VisualScripting.State.dll
Symbol file LoadedFromMemory is not a mono symbol file
Symbol file data-00000244C6223020 doesn't match image C:\Users\3D Tarde\patthfindjordanadu\HeavenDefense-Main\heavendefense\Library\ScriptAssemblies\Unity.VSCode.Editor.dll
Symbol file LoadedFromMemory is not a mono symbol file
- Loaded All Assemblies, in  0.455 seconds
Refreshing native plugins compatible for Editor in 2.68 ms, found 3 plugins.
Native extension for WindowsStandalone target not found
Native extension for WebGL target not found
[Package Manager] Server::EnsureServerProcessIsRunning -- launch failed, reason: Unity was launched with the -noUpm command-line argument
[Package Manager] UpmClient::Send -- Unable to send message (not connected to UPM process).
[Package Manager] Cannot connect to Unity Package Manager local server
Mono: successfully reloaded assembly
- Finished resetting the current domain, in  0.947 seconds
Domain Reload Profiling: 1400ms
	BeginReloadAssembly (158ms)
		ExecutionOrderSort (0ms)
		DisableScriptedObjects (5ms)
		BackupInstance (0ms)
		ReleaseScriptingObjects (0ms)
		CreateAndSetChildDomain (31ms)
	RebuildCommonClasses (44ms)
	RebuildNativeTypeToScriptingClass (18ms)
	initialDomainReloadingComplete (28ms)
	LoadAllAssembliesAndSetupDomain (204ms)
		LoadAssemblies (280ms)
		RebuildTransferFunctionScriptingTraits (0ms)
		AnalyzeDomain (14ms)
			TypeCache.Refresh (8ms)
				TypeCache.ScanAssembly (0ms)
			ScanForSourceGeneratedMonoScriptInfo (0ms)
			ResolveRequiredComponents (5ms)
	FinalizeReload (948ms)
		ReleaseScriptCaches (0ms)
		RebuildScriptCaches (0ms)
		SetupLoadedEditorAssemblies (486ms)
			LogAssemblyErrors (0ms)
			InitializePlatformSupportModulesInManaged (8ms)
			SetLoadedEditorAssemblies (5ms)
			RefreshPlugins (0ms)
			BeforeProcessingInitializeOnLoad (70ms)
			ProcessInitializeOnLoadAttributes (373ms)
			ProcessInitializeOnLoadMethodAttributes (22ms)
			AfterProcessingInitializeOnLoad (8ms)
			EditorAssembliesLoaded (0ms)
		ExecutionOrderSort2 (0ms)
		AwakeInstancesAfterBackupRestoration (8ms)
Refreshing native plugins compatible for Editor in 2.67 ms, found 3 plugins.
Preloading 0 native plugins for Editor in 0.00 ms.
Unloading 3274 Unused Serialized files (Serialized files now loaded: 0)
Unloading 34 unused Assets / (1.3 MB). Loaded Objects now: 3871.
Memory consumption went from 138.6 MB to 137.3 MB.
Total: 3.166100 ms (FindLiveObjects: 0.253000 ms CreateObjectMapping: 0.171200 ms MarkObjects: 2.460300 ms  DeleteObjects: 0.280900 ms)

Prepare: number of updated asset objects reloaded= 0
AssetImportParameters requested are different than current active one (requested -> active):
  custom:container-demuxer-ogg: 62fdf1f143b41e24485cea50d1cbac27 -> 
  custom:video-decoder-ogg-theora: a1e56fd34408186e4bbccfd4996cb3dc -> 
  custom:framework-win-MediaFoundation: 216162199b28c13a410421893ffa2e32 -> 
  custom:CustomObjectIndexerAttribute: 756ad292c208cfabdd7b50bc23989ffe -> 
  custom:container-demuxer-webm: 4f35f7cbe854078d1ac9338744f61a02 -> 
  custom:container-muxer-webm: aa71ff27fc2769a1b78a27578f13a17b -> 
  custom:video-decoder-webm-vp8: 9c59270c3fd7afecdb556c50c9e8de78 -> 
  custom:SearchIndexIgnoredProperties: e643bd26f0fe6173181afceb89e7c659 -> 
  custom:AudioImporter_EditorPlatform: d09bf68614088b80899f8185d706f6e7 -> 
  custom:video-encoder-webm-vp8: eb34c28f22e8b96e1ab97ce403110664 -> 
  custom:audio-decoder-ogg-vorbis: bf7c407c2cedff20999df2af8eb42d56 -> 
  custom:audio-encoder-webm-vorbis: bf7c407c2cedff20999df2af8eb42d56 -> 
